main start at this time 1681959948.5642762
-----------------------------------------before load data 
 Nvidia-smi: 0.166015625 GB
    Memory Allocated: 0.0  GigaBytes
Max Memory Allocated: 0.0  GigaBytes

#nodes: 2449029
#edges: 123718024
#classes: 47
success----------------------------------------
196571
39255
2164782
# Nodes: 2400608
# Edges: 123718024
# Train: 196571
# Val: 39255
# Test: 2164782
# Classes: 47

----------------------------------------start of run function 
 Nvidia-smi: 0.166015625 GB
    Memory Allocated: 0.0  GigaBytes
Max Memory Allocated: 0.0  GigaBytes

in feats:  100

=-=-=-=-=-=-=-=-=-=-=-=-=-=-=-=-=-=-=-=-=-=-=-=-=-=-=-=-=-=-=-=-=-=-=-=-=-=-=-=-=-=-=-=-=-=-=-=-=-=-=-=-=-=-=-=-=-=-=-=-
Epoch:  0
len(bkt)  173
len(bkt)  221
len(bkt)  374
len(bkt)  456
len(bkt)  445
len(bkt)  550
len(bkt)  655
len(bkt)  512
len(bkt)  576
len(bkt)  640
len(bkt)  624
len(bkt)  583
len(bkt)  615
len(bkt)  695
len(bkt)  673
len(bkt)  614
len(bkt)  556
len(bkt)  604
len(bkt)  584
len(bkt)  572
len(bkt)  586
len(bkt)  592
len(bkt)  648
len(bkt)  645
len(bkt)  183378


















check_connections_block*********************************
check_connections_block*********************************
connection checking time:  61.22574853897095
block generation total time  50.21207237243652
number of bucket  10
[ 1  2  3  4  5  6  7  8  9 10]
number of bucket  24
[ 1  2  3  4  5  6  7  8  9 10 11 12 13 14 15 16 17 18 19 20 21 22 23 24]
----------------------------------------after one batch
 Nvidia-smi: 11.642578125 GB
    Memory Allocated: 0.20868968963623047  GigaBytes
Max Memory Allocated: 9.36000919342041  GigaBytes

number of bucket  10
[ 1  2  3  4  5  6  7  8  9 10]
number of bucket  1
[25]
----------------------------------------after one batch
 Nvidia-smi: 23.3515625 GB
    Memory Allocated: 0.3869905471801758  GigaBytes
Max Memory Allocated: 17.882137298583984  GigaBytes

number of bucket  10
[ 1  2  3  4  5  6  7  8  9 10]
number of bucket  1
[25]
----------------------------------------after one batch
 Nvidia-smi: 19.6484375 GB
    Memory Allocated: 0.39658069610595703  GigaBytes
Max Memory Allocated: 17.882137298583984  GigaBytes

number of bucket  10
[ 1  2  3  4  5  6  7  8  9 10]
number of bucket  1
[25]
----------------------------------------after one batch
 Nvidia-smi: 20.455078125 GB
    Memory Allocated: 0.40589094161987305  GigaBytes
Max Memory Allocated: 17.894804000854492  GigaBytes

number of bucket  10
[ 1  2  3  4  5  6  7  8  9 10]
number of bucket  1
[25]
----------------------------------------after one batch
 Nvidia-smi: 20.458984375 GB
    Memory Allocated: 0.41370487213134766  GigaBytes
Max Memory Allocated: 17.90305995941162  GigaBytes

number of bucket  10
[ 1  2  3  4  5  6  7  8  9 10]
number of bucket  1
[25]
----------------------------------------after one batch
 Nvidia-smi: 19.78125 GB
    Memory Allocated: 0.424652099609375  GigaBytes
Max Memory Allocated: 17.930918216705322  GigaBytes

number of bucket  10
[ 1  2  3  4  5  6  7  8  9 10]
number of bucket  1
[25]
----------------------------------------after one batch
 Nvidia-smi: 20.05078125 GB
    Memory Allocated: 0.43215131759643555  GigaBytes
Max Memory Allocated: 17.930918216705322  GigaBytes

number of bucket  10
[ 1  2  3  4  5  6  7  8  9 10]
number of bucket  1
[25]
----------------------------------------after one batch
 Nvidia-smi: 20.857421875 GB
    Memory Allocated: 0.44046545028686523  GigaBytes
Max Memory Allocated: 17.9345703125  GigaBytes

number of bucket  10
[ 1  2  3  4  5  6  7  8  9 10]
number of bucket  1
[25]
----------------------------------------after one batch
 Nvidia-smi: 20.857421875 GB
    Memory Allocated: 0.4483180046081543  GigaBytes
Max Memory Allocated: 17.9345703125  GigaBytes

number of bucket  10
[ 1  2  3  4  5  6  7  8  9 10]
number of bucket  1
[25]
----------------------------------------after one batch
 Nvidia-smi: 20.861328125 GB
    Memory Allocated: 0.457308292388916  GigaBytes
Max Memory Allocated: 17.935943126678467  GigaBytes

number of bucket  10
[ 1  2  3  4  5  6  7  8  9 10]
number of bucket  1
[25]
----------------------------------------after one batch
 Nvidia-smi: 20.861328125 GB
    Memory Allocated: 0.46546316146850586  GigaBytes
Max Memory Allocated: 17.937533378601074  GigaBytes

number of bucket  10
[ 1  2  3  4  5  6  7  8  9 10]
number of bucket  1
[25]
----------------------------------------after one batch
 Nvidia-smi: 20.861328125 GB
    Memory Allocated: 0.47193145751953125  GigaBytes
Max Memory Allocated: 17.96125078201294  GigaBytes

number of bucket  10
[ 1  2  3  4  5  6  7  8  9 10]
number of bucket  1
[25]
----------------------------------------after one batch
 Nvidia-smi: 20.861328125 GB
    Memory Allocated: 0.4819049835205078  GigaBytes
Max Memory Allocated: 17.976093769073486  GigaBytes

number of bucket  10
[ 1  2  3  4  5  6  7  8  9 10]
number of bucket  1
[25]
----------------------------------------after one batch
 Nvidia-smi: 20.865234375 GB
    Memory Allocated: 0.4904499053955078  GigaBytes
Max Memory Allocated: 17.976093769073486  GigaBytes

number of bucket  10
[ 1  2  3  4  5  6  7  8  9 10]
number of bucket  1
[25]
----------------------------------------after one batch
 Nvidia-smi: 20.865234375 GB
    Memory Allocated: 0.49733924865722656  GigaBytes
Max Memory Allocated: 17.976093769073486  GigaBytes

number of bucket  10
[ 1  2  3  4  5  6  7  8  9 10]
number of bucket  1
[25]
----------------------------------------after one batch
 Nvidia-smi: 21.123046875 GB
    Memory Allocated: 0.5068378448486328  GigaBytes
Max Memory Allocated: 17.999445915222168  GigaBytes

number of bucket  10
[ 1  2  3  4  5  6  7  8  9 10]
number of bucket  1
[25]
----------------------------------------after one batch
 Nvidia-smi: 21.125 GB
    Memory Allocated: 0.5147037506103516  GigaBytes
Max Memory Allocated: 17.999445915222168  GigaBytes

number of bucket  10
[ 1  2  3  4  5  6  7  8  9 10]
number of bucket  1
[25]
----------------------------------------after one batch
 Nvidia-smi: 21.126953125 GB
    Memory Allocated: 0.5218062400817871  GigaBytes
Max Memory Allocated: 17.999445915222168  GigaBytes

----------------------------------------finish all batches
 Nvidia-smi: 21.126953125 GB
    Memory Allocated: 0.526893138885498  GigaBytes
Max Memory Allocated: 17.999445915222168  GigaBytes

Number of first layer input nodes during this epoch each batch:  [484786, 896965, 898078, 898546, 894123, 900253, 897204, 897999, 894369, 896574, 896931, 893087, 898616, 896010, 893589, 897407, 898222, 895673]
Number of first layer input nodes during this epoch total:  15728432
Number of last layer output nodes during this epoch each batch:  [13193, 10787, 10787, 10787, 10787, 10787, 10787, 10787, 10787, 10787, 10787, 10787, 10787, 10787, 10787, 10787, 10787, 10786]
Number of last layer output nodes during this epoch total:  196571
----------------------------------------------------------pseudo_mini_loss sum 5.387516498565674


=-=-=-=-=-=-=-=-=-=-=-=-=-=-=-=-=-=-=-=-=-=-=-=-=-=-=-=-=-=-=-=-=-=-=-=-=-=-=-=-=-=-=-=-=-=-=-=-=-=-=-=-=-=-=-=-=-=-=-=-
Epoch:  1
len(bkt)  173
len(bkt)  221
len(bkt)  374
len(bkt)  456
len(bkt)  445
len(bkt)  550
len(bkt)  655
len(bkt)  512
len(bkt)  576
len(bkt)  640
len(bkt)  624
len(bkt)  583
len(bkt)  615
len(bkt)  695
len(bkt)  673
len(bkt)  614
len(bkt)  556
len(bkt)  604
len(bkt)  584
len(bkt)  572
len(bkt)  586
len(bkt)  592
len(bkt)  648
len(bkt)  645
len(bkt)  183378


















check_connections_block*********************************
check_connections_block*********************************
connection checking time:  61.049322843551636
block generation total time  50.061853647232056
number of bucket  10
[ 1  2  3  4  5  6  7  8  9 10]
number of bucket  24
[ 1  2  3  4  5  6  7  8  9 10 11 12 13 14 15 16 17 18 19 20 21 22 23 24]
----------------------------------------after one batch
 Nvidia-smi: 21.55078125 GB
    Memory Allocated: 0.21487140655517578  GigaBytes
Max Memory Allocated: 17.999445915222168  GigaBytes

number of bucket  10
[ 1  2  3  4  5  6  7  8  9 10]
number of bucket  1
[25]
----------------------------------------after one batch
 Nvidia-smi: 21.55078125 GB
    Memory Allocated: 0.39261531829833984  GigaBytes
Max Memory Allocated: 17.999445915222168  GigaBytes

number of bucket  10
[ 1  2  3  4  5  6  7  8  9 10]
number of bucket  1
[25]
----------------------------------------after one batch
 Nvidia-smi: 22.373046875 GB
    Memory Allocated: 0.4029269218444824  GigaBytes
Max Memory Allocated: 17.999445915222168  GigaBytes

number of bucket  10
[ 1  2  3  4  5  6  7  8  9 10]
number of bucket  1
[25]
----------------------------------------after one batch
 Nvidia-smi: 22.373046875 GB
    Memory Allocated: 0.40999841690063477  GigaBytes
Max Memory Allocated: 17.999445915222168  GigaBytes

number of bucket  10
[ 1  2  3  4  5  6  7  8  9 10]
number of bucket  1
[25]
----------------------------------------after one batch
 Nvidia-smi: 22.373046875 GB
    Memory Allocated: 0.4173092842102051  GigaBytes
Max Memory Allocated: 17.999445915222168  GigaBytes

number of bucket  10
[ 1  2  3  4  5  6  7  8  9 10]
number of bucket  1
[25]
----------------------------------------after one batch
 Nvidia-smi: 22.373046875 GB
    Memory Allocated: 0.42737293243408203  GigaBytes
Max Memory Allocated: 17.999445915222168  GigaBytes

number of bucket  10
[ 1  2  3  4  5  6  7  8  9 10]
number of bucket  1
[25]
----------------------------------------after one batch
 Nvidia-smi: 22.373046875 GB
    Memory Allocated: 0.43550968170166016  GigaBytes
Max Memory Allocated: 17.999445915222168  GigaBytes

number of bucket  10
[ 1  2  3  4  5  6  7  8  9 10]
number of bucket  1
[25]
----------------------------------------after one batch
 Nvidia-smi: 22.373046875 GB
    Memory Allocated: 0.44272422790527344  GigaBytes
Max Memory Allocated: 17.999445915222168  GigaBytes

number of bucket  10
[ 1  2  3  4  5  6  7  8  9 10]
number of bucket  1
[25]
----------------------------------------after one batch
 Nvidia-smi: 22.373046875 GB
    Memory Allocated: 0.45258283615112305  GigaBytes
Max Memory Allocated: 17.999445915222168  GigaBytes

number of bucket  10
[ 1  2  3  4  5  6  7  8  9 10]
number of bucket  1
[25]
----------------------------------------after one batch
 Nvidia-smi: 22.373046875 GB
    Memory Allocated: 0.46050500869750977  GigaBytes
Max Memory Allocated: 17.999445915222168  GigaBytes

number of bucket  10
[ 1  2  3  4  5  6  7  8  9 10]
number of bucket  1
[25]
----------------------------------------after one batch
 Nvidia-smi: 22.373046875 GB
    Memory Allocated: 0.46960973739624023  GigaBytes
Max Memory Allocated: 17.999445915222168  GigaBytes

number of bucket  10
[ 1  2  3  4  5  6  7  8  9 10]
number of bucket  1
[25]
----------------------------------------after one batch
 Nvidia-smi: 22.373046875 GB
    Memory Allocated: 0.4765129089355469  GigaBytes
Max Memory Allocated: 17.999445915222168  GigaBytes

number of bucket  10
[ 1  2  3  4  5  6  7  8  9 10]
number of bucket  1
[25]
----------------------------------------after one batch
 Nvidia-smi: 22.373046875 GB
    Memory Allocated: 0.4851536750793457  GigaBytes
Max Memory Allocated: 17.999445915222168  GigaBytes

number of bucket  10
[ 1  2  3  4  5  6  7  8  9 10]
number of bucket  1
[25]
----------------------------------------after one batch
 Nvidia-smi: 22.373046875 GB
    Memory Allocated: 0.4947338104248047  GigaBytes
Max Memory Allocated: 17.999445915222168  GigaBytes

number of bucket  10
[ 1  2  3  4  5  6  7  8  9 10]
number of bucket  1
[25]
----------------------------------------after one batch
 Nvidia-smi: 22.373046875 GB
    Memory Allocated: 0.5028018951416016  GigaBytes
Max Memory Allocated: 17.999445915222168  GigaBytes

number of bucket  10
[ 1  2  3  4  5  6  7  8  9 10]
number of bucket  1
[25]
----------------------------------------after one batch
 Nvidia-smi: 22.373046875 GB
    Memory Allocated: 0.509002685546875  GigaBytes
Max Memory Allocated: 17.999445915222168  GigaBytes

number of bucket  10
[ 1  2  3  4  5  6  7  8  9 10]
number of bucket  1
[25]
----------------------------------------after one batch
 Nvidia-smi: 22.373046875 GB
    Memory Allocated: 0.5191507339477539  GigaBytes
Max Memory Allocated: 18.000418186187744  GigaBytes

number of bucket  10
[ 1  2  3  4  5  6  7  8  9 10]
number of bucket  1
[25]
----------------------------------------after one batch
 Nvidia-smi: 22.373046875 GB
    Memory Allocated: 0.5260024070739746  GigaBytes
Max Memory Allocated: 18.003331661224365  GigaBytes

----------------------------------------finish all batches
 Nvidia-smi: 22.373046875 GB
    Memory Allocated: 0.5260024070739746  GigaBytes
Max Memory Allocated: 18.003331661224365  GigaBytes

Number of first layer input nodes during this epoch each batch:  [485142, 895349, 901277, 895899, 895137, 898641, 898741, 895654, 897306, 896645, 897484, 897367, 899766, 898487, 897428, 896573, 898016, 897936]
Number of first layer input nodes during this epoch total:  15742848
Number of last layer output nodes during this epoch each batch:  [13193, 10787, 10787, 10787, 10787, 10787, 10787, 10787, 10787, 10787, 10787, 10787, 10787, 10787, 10787, 10787, 10787, 10786]
Number of last layer output nodes during this epoch total:  196571
----------------------------------------------------------pseudo_mini_loss sum 4.860095024108887


=-=-=-=-=-=-=-=-=-=-=-=-=-=-=-=-=-=-=-=-=-=-=-=-=-=-=-=-=-=-=-=-=-=-=-=-=-=-=-=-=-=-=-=-=-=-=-=-=-=-=-=-=-=-=-=-=-=-=-=-
Epoch:  2
len(bkt)  173
len(bkt)  221
len(bkt)  374
len(bkt)  456
len(bkt)  445
len(bkt)  550
len(bkt)  655
len(bkt)  512
len(bkt)  576
len(bkt)  640
len(bkt)  624
len(bkt)  583
len(bkt)  615
len(bkt)  695
len(bkt)  673
len(bkt)  614
len(bkt)  556
len(bkt)  604
len(bkt)  584
len(bkt)  572
len(bkt)  586
len(bkt)  592
len(bkt)  648
len(bkt)  645
len(bkt)  183378


















check_connections_block*********************************
check_connections_block*********************************
connection checking time:  59.62604880332947
block generation total time  49.00629019737244
number of bucket  10
[ 1  2  3  4  5  6  7  8  9 10]
number of bucket  24
[ 1  2  3  4  5  6  7  8  9 10 11 12 13 14 15 16 17 18 19 20 21 22 23 24]
----------------------------------------after one batch
 Nvidia-smi: 22.373046875 GB
    Memory Allocated: 0.21483087539672852  GigaBytes
Max Memory Allocated: 18.003331661224365  GigaBytes

number of bucket  10
[ 1  2  3  4  5  6  7  8  9 10]
number of bucket  1
[25]
----------------------------------------after one batch
 Nvidia-smi: 22.373046875 GB
    Memory Allocated: 0.3947129249572754  GigaBytes
Max Memory Allocated: 18.003331661224365  GigaBytes

number of bucket  10
[ 1  2  3  4  5  6  7  8  9 10]
number of bucket  1
[25]
----------------------------------------after one batch
 Nvidia-smi: 22.373046875 GB
    Memory Allocated: 0.4018669128417969  GigaBytes
Max Memory Allocated: 18.003331661224365  GigaBytes

number of bucket  10
[ 1  2  3  4  5  6  7  8  9 10]
number of bucket  1
[25]
----------------------------------------after one batch
 Nvidia-smi: 22.373046875 GB
    Memory Allocated: 0.4108309745788574  GigaBytes
Max Memory Allocated: 18.003331661224365  GigaBytes

number of bucket  10
[ 1  2  3  4  5  6  7  8  9 10]
number of bucket  1
[25]
----------------------------------------after one batch
 Nvidia-smi: 22.373046875 GB
    Memory Allocated: 0.41640377044677734  GigaBytes
Max Memory Allocated: 18.003331661224365  GigaBytes

number of bucket  10
[ 1  2  3  4  5  6  7  8  9 10]
number of bucket  1
[25]
----------------------------------------after one batch
 Nvidia-smi: 22.373046875 GB
    Memory Allocated: 0.4272184371948242  GigaBytes
Max Memory Allocated: 18.003331661224365  GigaBytes

number of bucket  10
[ 1  2  3  4  5  6  7  8  9 10]
number of bucket  1
[25]
----------------------------------------after one batch
 Nvidia-smi: 22.373046875 GB
    Memory Allocated: 0.4348874092102051  GigaBytes
Max Memory Allocated: 18.003331661224365  GigaBytes

number of bucket  10
[ 1  2  3  4  5  6  7  8  9 10]
number of bucket  1
[25]
----------------------------------------after one batch
 Nvidia-smi: 22.373046875 GB
    Memory Allocated: 0.44344472885131836  GigaBytes
Max Memory Allocated: 18.003331661224365  GigaBytes

number of bucket  10
[ 1  2  3  4  5  6  7  8  9 10]
number of bucket  1
[25]
----------------------------------------after one batch
 Nvidia-smi: 22.373046875 GB
    Memory Allocated: 0.45362329483032227  GigaBytes
Max Memory Allocated: 18.003331661224365  GigaBytes

number of bucket  10
[ 1  2  3  4  5  6  7  8  9 10]
number of bucket  1
[25]
----------------------------------------after one batch
 Nvidia-smi: 22.373046875 GB
    Memory Allocated: 0.46352481842041016  GigaBytes
Max Memory Allocated: 18.003331661224365  GigaBytes

number of bucket  10
[ 1  2  3  4  5  6  7  8  9 10]
number of bucket  1
[25]
----------------------------------------after one batch
 Nvidia-smi: 22.373046875 GB
    Memory Allocated: 0.4703030586242676  GigaBytes
Max Memory Allocated: 18.003331661224365  GigaBytes

number of bucket  10
[ 1  2  3  4  5  6  7  8  9 10]
number of bucket  1
[25]
----------------------------------------after one batch
 Nvidia-smi: 22.373046875 GB
    Memory Allocated: 0.4805459976196289  GigaBytes
Max Memory Allocated: 18.003331661224365  GigaBytes

number of bucket  10
[ 1  2  3  4  5  6  7  8  9 10]
number of bucket  1
[25]
----------------------------------------after one batch
 Nvidia-smi: 22.373046875 GB
    Memory Allocated: 0.48814964294433594  GigaBytes
Max Memory Allocated: 18.00416660308838  GigaBytes

number of bucket  10
[ 1  2  3  4  5  6  7  8  9 10]
number of bucket  1
[25]
----------------------------------------after one batch
 Nvidia-smi: 22.373046875 GB
    Memory Allocated: 0.49727344512939453  GigaBytes
Max Memory Allocated: 18.00416660308838  GigaBytes

number of bucket  10
[ 1  2  3  4  5  6  7  8  9 10]
number of bucket  1
[25]
----------------------------------------after one batch
 Nvidia-smi: 22.373046875 GB
    Memory Allocated: 0.5027451515197754  GigaBytes
Max Memory Allocated: 18.00416660308838  GigaBytes

number of bucket  10
[ 1  2  3  4  5  6  7  8  9 10]
number of bucket  1
[25]
----------------------------------------after one batch
 Nvidia-smi: 22.373046875 GB
    Memory Allocated: 0.5111994743347168  GigaBytes
Max Memory Allocated: 18.00416660308838  GigaBytes

number of bucket  10
[ 1  2  3  4  5  6  7  8  9 10]
number of bucket  1
[25]
----------------------------------------after one batch
 Nvidia-smi: 22.373046875 GB
    Memory Allocated: 0.5218234062194824  GigaBytes
Max Memory Allocated: 18.00416660308838  GigaBytes

number of bucket  10
[ 1  2  3  4  5  6  7  8  9 10]
number of bucket  1
[25]
----------------------------------------after one batch
 Nvidia-smi: 22.373046875 GB
    Memory Allocated: 0.5276269912719727  GigaBytes
Max Memory Allocated: 18.00416660308838  GigaBytes

----------------------------------------finish all batches
 Nvidia-smi: 22.373046875 GB
    Memory Allocated: 0.5276269912719727  GigaBytes
Max Memory Allocated: 18.00416660308838  GigaBytes

Number of first layer input nodes during this epoch each batch:  [485332, 898271, 896938, 899181, 894680, 897133, 894201, 893316, 894984, 897110, 894171, 901312, 898820, 901090, 895531, 897280, 898073, 895843]
Number of first layer input nodes during this epoch total:  15733266
Number of last layer output nodes during this epoch each batch:  [13193, 10787, 10787, 10787, 10787, 10787, 10787, 10787, 10787, 10787, 10787, 10787, 10787, 10787, 10787, 10787, 10787, 10786]
Number of last layer output nodes during this epoch total:  196571
----------------------------------------------------------pseudo_mini_loss sum 2.5877091884613037


=-=-=-=-=-=-=-=-=-=-=-=-=-=-=-=-=-=-=-=-=-=-=-=-=-=-=-=-=-=-=-=-=-=-=-=-=-=-=-=-=-=-=-=-=-=-=-=-=-=-=-=-=-=-=-=-=-=-=-=-
Epoch:  3
len(bkt)  173
len(bkt)  221
len(bkt)  374
len(bkt)  456
len(bkt)  445
len(bkt)  550
len(bkt)  655
len(bkt)  512
len(bkt)  576
len(bkt)  640
len(bkt)  624
len(bkt)  583
len(bkt)  615
len(bkt)  695
len(bkt)  673
len(bkt)  614
len(bkt)  556
len(bkt)  604
len(bkt)  584
len(bkt)  572
len(bkt)  586
len(bkt)  592
len(bkt)  648
len(bkt)  645
len(bkt)  183378


















check_connections_block*********************************
check_connections_block*********************************
connection checking time:  59.26410126686096
block generation total time  48.132548809051514
block dataloader generation time/epoch 114.63799118995667
number of bucket  10
[ 1  2  3  4  5  6  7  8  9 10]
number of bucket  24
[ 1  2  3  4  5  6  7  8  9 10 11 12 13 14 15 16 17 18 19 20 21 22 23 24]
----------------------------------------after one batch
 Nvidia-smi: 22.373046875 GB
    Memory Allocated: 0.21457433700561523  GigaBytes
Max Memory Allocated: 18.00416660308838  GigaBytes

number of bucket  10
[ 1  2  3  4  5  6  7  8  9 10]
number of bucket  1
[25]
----------------------------------------after one batch
 Nvidia-smi: 22.373046875 GB
    Memory Allocated: 0.3926730155944824  GigaBytes
Max Memory Allocated: 18.00416660308838  GigaBytes

number of bucket  10
[ 1  2  3  4  5  6  7  8  9 10]
number of bucket  1
[25]
----------------------------------------after one batch
 Nvidia-smi: 22.373046875 GB
    Memory Allocated: 0.4012279510498047  GigaBytes
Max Memory Allocated: 18.00416660308838  GigaBytes

number of bucket  10
[ 1  2  3  4  5  6  7  8  9 10]
number of bucket  1
[25]
----------------------------------------after one batch
 Nvidia-smi: 22.373046875 GB
    Memory Allocated: 0.41190671920776367  GigaBytes
Max Memory Allocated: 18.00416660308838  GigaBytes

number of bucket  10
[ 1  2  3  4  5  6  7  8  9 10]
number of bucket  1
[25]
----------------------------------------after one batch
 Nvidia-smi: 22.373046875 GB
    Memory Allocated: 0.4201178550720215  GigaBytes
Max Memory Allocated: 18.00416660308838  GigaBytes

number of bucket  10
[ 1  2  3  4  5  6  7  8  9 10]
number of bucket  1
[25]
----------------------------------------after one batch
 Nvidia-smi: 22.373046875 GB
    Memory Allocated: 0.4303126335144043  GigaBytes
Max Memory Allocated: 18.00416660308838  GigaBytes

number of bucket  10
[ 1  2  3  4  5  6  7  8  9 10]
number of bucket  1
[25]
----------------------------------------after one batch
 Nvidia-smi: 22.373046875 GB
    Memory Allocated: 0.4368128776550293  GigaBytes
Max Memory Allocated: 18.00416660308838  GigaBytes

number of bucket  10
[ 1  2  3  4  5  6  7  8  9 10]
number of bucket  1
[25]
----------------------------------------after one batch
 Nvidia-smi: 22.373046875 GB
    Memory Allocated: 0.4464254379272461  GigaBytes
Max Memory Allocated: 18.00416660308838  GigaBytes

number of bucket  10
[ 1  2  3  4  5  6  7  8  9 10]
number of bucket  1
[25]
----------------------------------------after one batch
 Nvidia-smi: 22.373046875 GB
    Memory Allocated: 0.455657958984375  GigaBytes
Max Memory Allocated: 18.00416660308838  GigaBytes

number of bucket  10
[ 1  2  3  4  5  6  7  8  9 10]
number of bucket  1
[25]
----------------------------------------after one batch
 Nvidia-smi: 22.373046875 GB
    Memory Allocated: 0.4628481864929199  GigaBytes
Max Memory Allocated: 18.00416660308838  GigaBytes

number of bucket  10
[ 1  2  3  4  5  6  7  8  9 10]
number of bucket  1
[25]
----------------------------------------after one batch
 Nvidia-smi: 22.373046875 GB
    Memory Allocated: 0.4706873893737793  GigaBytes
Max Memory Allocated: 18.00416660308838  GigaBytes

number of bucket  10
[ 1  2  3  4  5  6  7  8  9 10]
number of bucket  1
[25]
----------------------------------------after one batch
 Nvidia-smi: 22.373046875 GB
    Memory Allocated: 0.47661924362182617  GigaBytes
Max Memory Allocated: 18.00416660308838  GigaBytes

number of bucket  10
[ 1  2  3  4  5  6  7  8  9 10]
number of bucket  1
[25]
----------------------------------------after one batch
 Nvidia-smi: 22.373046875 GB
    Memory Allocated: 0.4844231605529785  GigaBytes
Max Memory Allocated: 18.00416660308838  GigaBytes

number of bucket  10
[ 1  2  3  4  5  6  7  8  9 10]
number of bucket  1
[25]
----------------------------------------after one batch
 Nvidia-smi: 22.373046875 GB
    Memory Allocated: 0.49184131622314453  GigaBytes
Max Memory Allocated: 18.00416660308838  GigaBytes

number of bucket  10
[ 1  2  3  4  5  6  7  8  9 10]
number of bucket  1
[25]
----------------------------------------after one batch
 Nvidia-smi: 23.1796875 GB
    Memory Allocated: 0.5022292137145996  GigaBytes
Max Memory Allocated: 18.00416660308838  GigaBytes

number of bucket  10
[ 1  2  3  4  5  6  7  8  9 10]
number of bucket  1
[25]
----------------------------------------after one batch
 Nvidia-smi: 23.1796875 GB
    Memory Allocated: 0.5077157020568848  GigaBytes
Max Memory Allocated: 18.00416660308838  GigaBytes

number of bucket  10
[ 1  2  3  4  5  6  7  8  9 10]
number of bucket  1
[25]
----------------------------------------after one batch
 Nvidia-smi: 23.1796875 GB
    Memory Allocated: 0.517733097076416  GigaBytes
Max Memory Allocated: 18.00416660308838  GigaBytes

number of bucket  10
[ 1  2  3  4  5  6  7  8  9 10]
number of bucket  1
[25]
----------------------------------------after one batch
 Nvidia-smi: 23.1796875 GB
    Memory Allocated: 0.5260801315307617  GigaBytes
Max Memory Allocated: 18.055744171142578  GigaBytes

----------------------------------------finish all batches
 Nvidia-smi: 23.1796875 GB
    Memory Allocated: 0.5260801315307617  GigaBytes
Max Memory Allocated: 18.055744171142578  GigaBytes

Number of first layer input nodes during this epoch each batch:  [485466, 895243, 894835, 895698, 894874, 900845, 896388, 899158, 902735, 897553, 899057, 893971, 894075, 896345, 897271, 892412, 897525, 897961]
Number of first layer input nodes during this epoch total:  15731412
Number of last layer output nodes during this epoch each batch:  [13193, 10787, 10787, 10787, 10787, 10787, 10787, 10787, 10787, 10787, 10787, 10787, 10787, 10787, 10787, 10787, 10787, 10786]
Number of last layer output nodes during this epoch total:  196571
----------------------------------------------------------pseudo_mini_loss sum 2.3099448680877686

modeling time total 2.1879942417144775, list [0.12670493125915527, 0.12149858474731445, 0.12104439735412598, 0.12059617042541504, 0.12149763107299805, 0.12102079391479492, 0.12011933326721191, 0.12125468254089355, 0.12259054183959961, 0.12111639976501465, 0.12143278121948242, 0.1214284896850586, 0.12077021598815918, 0.12076687812805176, 0.12113022804260254, 0.12108802795410156, 0.1214144229888916, 0.12251973152160645] 
loss calculation time total 0.002702474594116211, list [0.0006403923034667969, 0.00011706352233886719, 0.00011324882507324219, 0.00013709068298339844, 0.00011372566223144531, 0.00013017654418945312, 0.00011205673217773438, 0.0001537799835205078, 0.0001163482666015625, 0.0001201629638671875, 0.00011277198791503906, 0.00011205673217773438, 0.00013518333435058594, 0.00011277198791503906, 0.00011181831359863281, 0.00011777877807617188, 0.00011205673217773438, 0.00013399124145507812] 
backward time total 0.7117209434509277, list [0.11747384071350098, 0.03795123100280762, 0.03570699691772461, 0.036036014556884766, 0.03150796890258789, 0.029859304428100586, 0.03687334060668945, 0.03489375114440918, 0.03621101379394531, 0.036710500717163086, 0.03266429901123047, 0.034761905670166016, 0.030560016632080078, 0.03587460517883301, 0.03803133964538574, 0.03563809394836426, 0.035706281661987305, 0.03526043891906738] 
optimizer time 0.0032536983489990234 
Pure Training time without any dataloading part /epoch 2.9056713581085205 sec


=-=-=-=-=-=-=-=-=-=-=-=-=-=-=-=-=-=-=-=-=-=-=-=-=-=-=-=-=-=-=-=-=-=-=-=-=-=-=-=-=-=-=-=-=-=-=-=-=-=-=-=-=-=-=-=-=-=-=-=-
Epoch:  4
len(bkt)  173
len(bkt)  221
len(bkt)  374
len(bkt)  456
len(bkt)  445
len(bkt)  550
len(bkt)  655
len(bkt)  512
len(bkt)  576
len(bkt)  640
len(bkt)  624
len(bkt)  583
len(bkt)  615
len(bkt)  695
len(bkt)  673
len(bkt)  614
len(bkt)  556
len(bkt)  604
len(bkt)  584
len(bkt)  572
len(bkt)  586
len(bkt)  592
len(bkt)  648
len(bkt)  645
len(bkt)  183378


















check_connections_block*********************************
check_connections_block*********************************
connection checking time:  59.5423789024353
block generation total time  49.099483013153076
block dataloader generation time/epoch 115.26052951812744
number of bucket  10
[ 1  2  3  4  5  6  7  8  9 10]
number of bucket  24
[ 1  2  3  4  5  6  7  8  9 10 11 12 13 14 15 16 17 18 19 20 21 22 23 24]
----------------------------------------after one batch
 Nvidia-smi: 23.1796875 GB
    Memory Allocated: 0.2139720916748047  GigaBytes
Max Memory Allocated: 18.055744171142578  GigaBytes

number of bucket  10
[ 1  2  3  4  5  6  7  8  9 10]
number of bucket  1
[25]
----------------------------------------after one batch
 Nvidia-smi: 23.1796875 GB
    Memory Allocated: 0.3926858901977539  GigaBytes
Max Memory Allocated: 18.055744171142578  GigaBytes

number of bucket  10
[ 1  2  3  4  5  6  7  8  9 10]
number of bucket  1
[25]
----------------------------------------after one batch
 Nvidia-smi: 23.1796875 GB
    Memory Allocated: 0.40065765380859375  GigaBytes
Max Memory Allocated: 18.055744171142578  GigaBytes

number of bucket  10
[ 1  2  3  4  5  6  7  8  9 10]
number of bucket  1
[25]
----------------------------------------after one batch
 Nvidia-smi: 23.1796875 GB
    Memory Allocated: 0.40931034088134766  GigaBytes
Max Memory Allocated: 18.055744171142578  GigaBytes

number of bucket  10
[ 1  2  3  4  5  6  7  8  9 10]
number of bucket  1
[25]
----------------------------------------after one batch
 Nvidia-smi: 23.1796875 GB
    Memory Allocated: 0.41828441619873047  GigaBytes
Max Memory Allocated: 18.055744171142578  GigaBytes

number of bucket  10
[ 1  2  3  4  5  6  7  8  9 10]
number of bucket  1
[25]
----------------------------------------after one batch
 Nvidia-smi: 23.1796875 GB
    Memory Allocated: 0.4248623847961426  GigaBytes
Max Memory Allocated: 18.055744171142578  GigaBytes

number of bucket  10
[ 1  2  3  4  5  6  7  8  9 10]
number of bucket  1
[25]
----------------------------------------after one batch
 Nvidia-smi: 23.1796875 GB
    Memory Allocated: 0.4319586753845215  GigaBytes
Max Memory Allocated: 18.055744171142578  GigaBytes

number of bucket  10
[ 1  2  3  4  5  6  7  8  9 10]
number of bucket  1
[25]
----------------------------------------after one batch
 Nvidia-smi: 23.1796875 GB
    Memory Allocated: 0.4404487609863281  GigaBytes
Max Memory Allocated: 18.055744171142578  GigaBytes

number of bucket  10
[ 1  2  3  4  5  6  7  8  9 10]
number of bucket  1
[25]
----------------------------------------after one batch
 Nvidia-smi: 23.1796875 GB
    Memory Allocated: 0.4485640525817871  GigaBytes
Max Memory Allocated: 18.055744171142578  GigaBytes

number of bucket  10
[ 1  2  3  4  5  6  7  8  9 10]
number of bucket  1
[25]
----------------------------------------after one batch
 Nvidia-smi: 23.1796875 GB
    Memory Allocated: 0.45877742767333984  GigaBytes
Max Memory Allocated: 18.055744171142578  GigaBytes

number of bucket  10
[ 1  2  3  4  5  6  7  8  9 10]
number of bucket  1
[25]
----------------------------------------after one batch
 Nvidia-smi: 23.1796875 GB
    Memory Allocated: 0.4665679931640625  GigaBytes
Max Memory Allocated: 18.055744171142578  GigaBytes

number of bucket  10
[ 1  2  3  4  5  6  7  8  9 10]
number of bucket  1
[25]
----------------------------------------after one batch
 Nvidia-smi: 23.1796875 GB
    Memory Allocated: 0.4731583595275879  GigaBytes
Max Memory Allocated: 18.055744171142578  GigaBytes

number of bucket  10
[ 1  2  3  4  5  6  7  8  9 10]
number of bucket  1
[25]
----------------------------------------after one batch
 Nvidia-smi: 23.1796875 GB
    Memory Allocated: 0.4848957061767578  GigaBytes
Max Memory Allocated: 18.055744171142578  GigaBytes

number of bucket  10
[ 1  2  3  4  5  6  7  8  9 10]
number of bucket  1
[25]
----------------------------------------after one batch
 Nvidia-smi: 23.1796875 GB
    Memory Allocated: 0.4921112060546875  GigaBytes
Max Memory Allocated: 18.055744171142578  GigaBytes

number of bucket  10
[ 1  2  3  4  5  6  7  8  9 10]
number of bucket  1
[25]
----------------------------------------after one batch
 Nvidia-smi: 23.1796875 GB
    Memory Allocated: 0.5016560554504395  GigaBytes
Max Memory Allocated: 18.055744171142578  GigaBytes

number of bucket  10
[ 1  2  3  4  5  6  7  8  9 10]
number of bucket  1
[25]
----------------------------------------after one batch
 Nvidia-smi: 23.1796875 GB
    Memory Allocated: 0.5092434883117676  GigaBytes
Max Memory Allocated: 18.055744171142578  GigaBytes

number of bucket  10
[ 1  2  3  4  5  6  7  8  9 10]
number of bucket  1
[25]
----------------------------------------after one batch
 Nvidia-smi: 23.1796875 GB
    Memory Allocated: 0.5164971351623535  GigaBytes
Max Memory Allocated: 18.055744171142578  GigaBytes

number of bucket  10
[ 1  2  3  4  5  6  7  8  9 10]
number of bucket  1
[25]
----------------------------------------after one batch
 Nvidia-smi: 23.1796875 GB
    Memory Allocated: 0.5258607864379883  GigaBytes
Max Memory Allocated: 18.055744171142578  GigaBytes

----------------------------------------finish all batches
 Nvidia-smi: 23.1796875 GB
    Memory Allocated: 0.5258607864379883  GigaBytes
Max Memory Allocated: 18.055744171142578  GigaBytes

Number of first layer input nodes during this epoch each batch:  [485312, 897980, 896206, 896603, 899783, 897597, 897715, 897331, 896116, 897905, 896156, 892424, 900886, 897312, 898978, 895150, 895252, 895420]
Number of first layer input nodes during this epoch total:  15734126
Number of last layer output nodes during this epoch each batch:  [13193, 10787, 10787, 10787, 10787, 10787, 10787, 10787, 10787, 10787, 10787, 10787, 10787, 10787, 10787, 10787, 10787, 10786]
Number of last layer output nodes during this epoch total:  196571
----------------------------------------------------------pseudo_mini_loss sum 1.8130372762680054

modeling time total 2.2167458534240723, list [0.1265256404876709, 0.12149930000305176, 0.1262209415435791, 0.12394261360168457, 0.12285637855529785, 0.12231040000915527, 0.12268376350402832, 0.1227269172668457, 0.12273693084716797, 0.12266778945922852, 0.12541699409484863, 0.12221574783325195, 0.12274289131164551, 0.12069106101989746, 0.12140822410583496, 0.1209874153137207, 0.12624216079711914, 0.12287068367004395] 
loss calculation time total 0.002867460250854492, list [0.0006620883941650391, 0.00011324882507324219, 0.00014090538024902344, 0.0001327991485595703, 0.0001418590545654297, 0.0001316070556640625, 0.00012874603271484375, 0.00012874603271484375, 0.0001354217529296875, 0.00013208389282226562, 0.0001270771026611328, 0.00013208389282226562, 0.00013136863708496094, 0.00013017654418945312, 0.00011563301086425781, 0.00011467933654785156, 0.00013875961303710938, 0.00013017654418945312] 
backward time total 0.7091324329376221, list [0.11015677452087402, 0.029961585998535156, 0.037018775939941406, 0.038355350494384766, 0.03205275535583496, 0.03858590126037598, 0.03538942337036133, 0.03444337844848633, 0.037522315979003906, 0.036982059478759766, 0.036318302154541016, 0.03127145767211914, 0.03835773468017578, 0.03436708450317383, 0.03570699691772461, 0.03161931037902832, 0.035688161849975586, 0.03533506393432617] 
optimizer time 0.003363370895385742 
Pure Training time without any dataloading part /epoch 2.9321091175079346 sec


=-=-=-=-=-=-=-=-=-=-=-=-=-=-=-=-=-=-=-=-=-=-=-=-=-=-=-=-=-=-=-=-=-=-=-=-=-=-=-=-=-=-=-=-=-=-=-=-=-=-=-=-=-=-=-=-=-=-=-=-
Epoch:  5
len(bkt)  173
len(bkt)  221
len(bkt)  374
len(bkt)  456
len(bkt)  445
len(bkt)  550
len(bkt)  655
len(bkt)  512
len(bkt)  576
len(bkt)  640
len(bkt)  624
len(bkt)  583
len(bkt)  615
len(bkt)  695
len(bkt)  673
len(bkt)  614
len(bkt)  556
len(bkt)  604
len(bkt)  584
len(bkt)  572
len(bkt)  586
len(bkt)  592
len(bkt)  648
len(bkt)  645
len(bkt)  183378


















check_connections_block*********************************
check_connections_block*********************************
connection checking time:  59.42752289772034
block generation total time  48.78259778022766
block dataloader generation time/epoch 115.3478118578593
number of bucket  10
[ 1  2  3  4  5  6  7  8  9 10]
number of bucket  24
[ 1  2  3  4  5  6  7  8  9 10 11 12 13 14 15 16 17 18 19 20 21 22 23 24]
----------------------------------------after one batch
 Nvidia-smi: 23.1796875 GB
    Memory Allocated: 0.2142801284790039  GigaBytes
Max Memory Allocated: 18.055744171142578  GigaBytes

number of bucket  10
[ 1  2  3  4  5  6  7  8  9 10]
number of bucket  1
[25]
----------------------------------------after one batch
 Nvidia-smi: 23.1796875 GB
    Memory Allocated: 0.39169788360595703  GigaBytes
Max Memory Allocated: 18.055744171142578  GigaBytes

number of bucket  10
[ 1  2  3  4  5  6  7  8  9 10]
number of bucket  1
[25]
----------------------------------------after one batch
 Nvidia-smi: 23.1796875 GB
    Memory Allocated: 0.4017324447631836  GigaBytes
Max Memory Allocated: 18.055744171142578  GigaBytes

number of bucket  10
[ 1  2  3  4  5  6  7  8  9 10]
number of bucket  1
[25]
----------------------------------------after one batch
 Nvidia-smi: 23.1796875 GB
    Memory Allocated: 0.4078683853149414  GigaBytes
Max Memory Allocated: 18.055744171142578  GigaBytes

number of bucket  10
[ 1  2  3  4  5  6  7  8  9 10]
number of bucket  1
[25]
----------------------------------------after one batch
 Nvidia-smi: 23.1796875 GB
    Memory Allocated: 0.41791486740112305  GigaBytes
Max Memory Allocated: 18.055744171142578  GigaBytes

number of bucket  10
[ 1  2  3  4  5  6  7  8  9 10]
number of bucket  1
[25]
----------------------------------------after one batch
 Nvidia-smi: 23.1796875 GB
    Memory Allocated: 0.42571067810058594  GigaBytes
Max Memory Allocated: 18.055744171142578  GigaBytes

number of bucket  10
[ 1  2  3  4  5  6  7  8  9 10]
number of bucket  1
[25]
----------------------------------------after one batch
 Nvidia-smi: 23.1796875 GB
    Memory Allocated: 0.4360218048095703  GigaBytes
Max Memory Allocated: 18.055744171142578  GigaBytes

number of bucket  10
[ 1  2  3  4  5  6  7  8  9 10]
number of bucket  1
[25]
----------------------------------------after one batch
 Nvidia-smi: 23.1796875 GB
    Memory Allocated: 0.4420342445373535  GigaBytes
Max Memory Allocated: 18.055744171142578  GigaBytes

number of bucket  10
[ 1  2  3  4  5  6  7  8  9 10]
number of bucket  1
[25]
----------------------------------------after one batch
 Nvidia-smi: 23.1796875 GB
    Memory Allocated: 0.4504508972167969  GigaBytes
Max Memory Allocated: 18.055744171142578  GigaBytes

number of bucket  10
[ 1  2  3  4  5  6  7  8  9 10]
number of bucket  1
[25]
----------------------------------------after one batch
 Nvidia-smi: 23.1796875 GB
    Memory Allocated: 0.4590311050415039  GigaBytes
Max Memory Allocated: 18.055744171142578  GigaBytes

number of bucket  10
[ 1  2  3  4  5  6  7  8  9 10]
number of bucket  1
[25]
----------------------------------------after one batch
 Nvidia-smi: 23.1796875 GB
    Memory Allocated: 0.4677090644836426  GigaBytes
Max Memory Allocated: 18.055744171142578  GigaBytes

number of bucket  10
[ 1  2  3  4  5  6  7  8  9 10]
number of bucket  1
[25]
----------------------------------------after one batch
 Nvidia-smi: 23.1796875 GB
    Memory Allocated: 0.47405576705932617  GigaBytes
Max Memory Allocated: 18.055744171142578  GigaBytes

number of bucket  10
[ 1  2  3  4  5  6  7  8  9 10]
number of bucket  1
[25]
----------------------------------------after one batch
 Nvidia-smi: 23.1796875 GB
    Memory Allocated: 0.480771541595459  GigaBytes
Max Memory Allocated: 18.055744171142578  GigaBytes

number of bucket  10
[ 1  2  3  4  5  6  7  8  9 10]
number of bucket  1
[25]
----------------------------------------after one batch
 Nvidia-smi: 23.1796875 GB
    Memory Allocated: 0.49106454849243164  GigaBytes
Max Memory Allocated: 18.055744171142578  GigaBytes

number of bucket  10
[ 1  2  3  4  5  6  7  8  9 10]
number of bucket  1
[25]
----------------------------------------after one batch
 Nvidia-smi: 23.1796875 GB
    Memory Allocated: 0.5004057884216309  GigaBytes
Max Memory Allocated: 18.055744171142578  GigaBytes

number of bucket  10
[ 1  2  3  4  5  6  7  8  9 10]
number of bucket  1
[25]
----------------------------------------after one batch
 Nvidia-smi: 23.1796875 GB
    Memory Allocated: 0.5099272727966309  GigaBytes
Max Memory Allocated: 18.055744171142578  GigaBytes

number of bucket  10
[ 1  2  3  4  5  6  7  8  9 10]
number of bucket  1
[25]
----------------------------------------after one batch
 Nvidia-smi: 23.1796875 GB
    Memory Allocated: 0.5167121887207031  GigaBytes
Max Memory Allocated: 18.055744171142578  GigaBytes

number of bucket  10
[ 1  2  3  4  5  6  7  8  9 10]
number of bucket  1
[25]
----------------------------------------after one batch
 Nvidia-smi: 23.1796875 GB
    Memory Allocated: 0.5263471603393555  GigaBytes
Max Memory Allocated: 18.055744171142578  GigaBytes

----------------------------------------finish all batches
 Nvidia-smi: 23.1796875 GB
    Memory Allocated: 0.5263471603393555  GigaBytes
Max Memory Allocated: 18.055744171142578  GigaBytes

Number of first layer input nodes during this epoch each batch:  [485404, 896330, 898217, 895074, 899462, 898294, 904050, 896455, 896755, 896586, 898994, 895089, 894006, 892891, 895441, 897814, 894829, 898416]
Number of first layer input nodes during this epoch total:  15734107
Number of last layer output nodes during this epoch each batch:  [13193, 10787, 10787, 10787, 10787, 10787, 10787, 10787, 10787, 10787, 10787, 10787, 10787, 10787, 10787, 10787, 10787, 10786]
Number of last layer output nodes during this epoch total:  196571
----------------------------------------------------------pseudo_mini_loss sum 1.4534711837768555

modeling time total 2.1829421520233154, list [0.12651753425598145, 0.12214469909667969, 0.12030029296875, 0.12091803550720215, 0.12059903144836426, 0.12127208709716797, 0.12005972862243652, 0.12170672416687012, 0.11969375610351562, 0.12182211875915527, 0.12040328979492188, 0.12175989151000977, 0.12117147445678711, 0.12027931213378906, 0.12175512313842773, 0.12062597274780273, 0.1206669807434082, 0.1212460994720459] 
loss calculation time total 0.0027081966400146484, list [0.0007002353668212891, 0.00011944770812988281, 0.0001125335693359375, 0.00011682510375976562, 0.00011467933654785156, 0.00011658668518066406, 0.00011229515075683594, 0.00015616416931152344, 0.00011396408081054688, 0.00011563301086425781, 0.00011038780212402344, 0.0001327991485595703, 0.00011205673217773438, 0.00011181831359863281, 0.0001163482666015625, 0.00012063980102539062, 0.00011277198791503906, 0.00011301040649414062] 
backward time total 0.6909961700439453, list [0.09956622123718262, 0.035889387130737305, 0.04714536666870117, 0.03909420967102051, 0.03206825256347656, 0.03462553024291992, 0.03388381004333496, 0.03659462928771973, 0.030404329299926758, 0.03592944145202637, 0.030653715133666992, 0.029454708099365234, 0.030489206314086914, 0.03452157974243164, 0.03774452209472656, 0.032164812088012695, 0.03654909133911133, 0.03421735763549805] 
optimizer time 0.0041806697845458984 
Pure Training time without any dataloading part /epoch 2.8808271884918213 sec


=-=-=-=-=-=-=-=-=-=-=-=-=-=-=-=-=-=-=-=-=-=-=-=-=-=-=-=-=-=-=-=-=-=-=-=-=-=-=-=-=-=-=-=-=-=-=-=-=-=-=-=-=-=-=-=-=-=-=-=-
Epoch:  6
len(bkt)  173
len(bkt)  221
len(bkt)  374
len(bkt)  456
len(bkt)  445
len(bkt)  550
len(bkt)  655
len(bkt)  512
len(bkt)  576
len(bkt)  640
len(bkt)  624
len(bkt)  583
len(bkt)  615
len(bkt)  695
len(bkt)  673
len(bkt)  614
len(bkt)  556
len(bkt)  604
len(bkt)  584
len(bkt)  572
len(bkt)  586
len(bkt)  592
len(bkt)  648
len(bkt)  645
len(bkt)  183378


















check_connections_block*********************************
check_connections_block*********************************
connection checking time:  58.875065326690674
block generation total time  47.63390517234802
block dataloader generation time/epoch 114.96062988042831
number of bucket  10
[ 1  2  3  4  5  6  7  8  9 10]
number of bucket  24
[ 1  2  3  4  5  6  7  8  9 10 11 12 13 14 15 16 17 18 19 20 21 22 23 24]
----------------------------------------after one batch
 Nvidia-smi: 23.1796875 GB
    Memory Allocated: 0.21442031860351562  GigaBytes
Max Memory Allocated: 18.055744171142578  GigaBytes

number of bucket  10
[ 1  2  3  4  5  6  7  8  9 10]
number of bucket  1
[25]
----------------------------------------after one batch
 Nvidia-smi: 23.1796875 GB
    Memory Allocated: 0.3924736976623535  GigaBytes
Max Memory Allocated: 18.055744171142578  GigaBytes

number of bucket  10
[ 1  2  3  4  5  6  7  8  9 10]
number of bucket  1
[25]
----------------------------------------after one batch
 Nvidia-smi: 23.1796875 GB
    Memory Allocated: 0.40125036239624023  GigaBytes
Max Memory Allocated: 18.055744171142578  GigaBytes

number of bucket  10
[ 1  2  3  4  5  6  7  8  9 10]
number of bucket  1
[25]
----------------------------------------after one batch
 Nvidia-smi: 23.1796875 GB
    Memory Allocated: 0.4117598533630371  GigaBytes
Max Memory Allocated: 18.055744171142578  GigaBytes

number of bucket  10
[ 1  2  3  4  5  6  7  8  9 10]
number of bucket  1
[25]
----------------------------------------after one batch
 Nvidia-smi: 23.1796875 GB
    Memory Allocated: 0.4216618537902832  GigaBytes
Max Memory Allocated: 18.055744171142578  GigaBytes

number of bucket  10
[ 1  2  3  4  5  6  7  8  9 10]
number of bucket  1
[25]
----------------------------------------after one batch
 Nvidia-smi: 23.1796875 GB
    Memory Allocated: 0.4293947219848633  GigaBytes
Max Memory Allocated: 18.055744171142578  GigaBytes

number of bucket  10
[ 1  2  3  4  5  6  7  8  9 10]
number of bucket  1
[25]
----------------------------------------after one batch
 Nvidia-smi: 23.1796875 GB
    Memory Allocated: 0.43807172775268555  GigaBytes
Max Memory Allocated: 18.055744171142578  GigaBytes

number of bucket  10
[ 1  2  3  4  5  6  7  8  9 10]
number of bucket  1
[25]
----------------------------------------after one batch
 Nvidia-smi: 23.1796875 GB
    Memory Allocated: 0.4456005096435547  GigaBytes
Max Memory Allocated: 18.055744171142578  GigaBytes

number of bucket  10
[ 1  2  3  4  5  6  7  8  9 10]
number of bucket  1
[25]
----------------------------------------after one batch
 Nvidia-smi: 23.1796875 GB
    Memory Allocated: 0.4556002616882324  GigaBytes
Max Memory Allocated: 18.055744171142578  GigaBytes

number of bucket  10
[ 1  2  3  4  5  6  7  8  9 10]
number of bucket  1
[25]
----------------------------------------after one batch
 Nvidia-smi: 23.1796875 GB
    Memory Allocated: 0.4640336036682129  GigaBytes
Max Memory Allocated: 18.055744171142578  GigaBytes

number of bucket  10
[ 1  2  3  4  5  6  7  8  9 10]
number of bucket  1
[25]
----------------------------------------after one batch
 Nvidia-smi: 23.1796875 GB
    Memory Allocated: 0.4707980155944824  GigaBytes
Max Memory Allocated: 18.055744171142578  GigaBytes

number of bucket  10
[ 1  2  3  4  5  6  7  8  9 10]
number of bucket  1
[25]
----------------------------------------after one batch
 Nvidia-smi: 23.1796875 GB
    Memory Allocated: 0.47933244705200195  GigaBytes
Max Memory Allocated: 18.055744171142578  GigaBytes

number of bucket  10
[ 1  2  3  4  5  6  7  8  9 10]
number of bucket  1
[25]
----------------------------------------after one batch
 Nvidia-smi: 23.1796875 GB
    Memory Allocated: 0.4852719306945801  GigaBytes
Max Memory Allocated: 18.055744171142578  GigaBytes

number of bucket  10
[ 1  2  3  4  5  6  7  8  9 10]
number of bucket  1
[25]
----------------------------------------after one batch
 Nvidia-smi: 23.1796875 GB
    Memory Allocated: 0.4938502311706543  GigaBytes
Max Memory Allocated: 18.055744171142578  GigaBytes

number of bucket  10
[ 1  2  3  4  5  6  7  8  9 10]
number of bucket  1
[25]
----------------------------------------after one batch
 Nvidia-smi: 23.1796875 GB
    Memory Allocated: 0.4992542266845703  GigaBytes
Max Memory Allocated: 18.055744171142578  GigaBytes

number of bucket  10
[ 1  2  3  4  5  6  7  8  9 10]
number of bucket  1
[25]
----------------------------------------after one batch
 Nvidia-smi: 23.1796875 GB
    Memory Allocated: 0.5078182220458984  GigaBytes
Max Memory Allocated: 18.055744171142578  GigaBytes

number of bucket  10
[ 1  2  3  4  5  6  7  8  9 10]
number of bucket  1
[25]
----------------------------------------after one batch
 Nvidia-smi: 23.1796875 GB
    Memory Allocated: 0.5163521766662598  GigaBytes
Max Memory Allocated: 18.055744171142578  GigaBytes

number of bucket  10
[ 1  2  3  4  5  6  7  8  9 10]
number of bucket  1
[25]
----------------------------------------after one batch
 Nvidia-smi: 23.1796875 GB
    Memory Allocated: 0.5239901542663574  GigaBytes
Max Memory Allocated: 18.055744171142578  GigaBytes

----------------------------------------finish all batches
 Nvidia-smi: 23.1796875 GB
    Memory Allocated: 0.5239901542663574  GigaBytes
Max Memory Allocated: 18.055744171142578  GigaBytes

Number of first layer input nodes during this epoch each batch:  [486268, 896237, 892686, 898603, 899942, 898208, 899041, 895734, 898833, 902326, 897434, 899894, 896132, 897954, 892649, 895497, 897845, 898021]
Number of first layer input nodes during this epoch total:  15743304
Number of last layer output nodes during this epoch each batch:  [13193, 10787, 10787, 10787, 10787, 10787, 10787, 10787, 10787, 10787, 10787, 10787, 10787, 10787, 10787, 10787, 10787, 10786]
Number of last layer output nodes during this epoch total:  196571
----------------------------------------------------------pseudo_mini_loss sum 1.347354531288147

modeling time total 2.2084147930145264, list [0.12517976760864258, 0.12526178359985352, 0.12133669853210449, 0.1214299201965332, 0.12119197845458984, 0.1273057460784912, 0.12233996391296387, 0.12494635581970215, 0.12186598777770996, 0.12143683433532715, 0.12169241905212402, 0.12264776229858398, 0.12201571464538574, 0.12178683280944824, 0.12316274642944336, 0.12154483795166016, 0.12173604965209961, 0.12153339385986328] 
loss calculation time total 0.002696514129638672, list [0.0005886554718017578, 0.00011181831359863281, 0.0001125335693359375, 0.00011134147644042969, 0.00011157989501953125, 0.0001575946807861328, 0.00014209747314453125, 0.00015354156494140625, 0.00011563301086425781, 0.00011277198791503906, 0.0001323223114013672, 0.00014662742614746094, 0.0001239776611328125, 0.0001239776611328125, 0.00011134147644042969, 0.00011372566223144531, 0.00011444091796875, 0.0001125335693359375] 
backward time total 0.6946141719818115, list [0.1058957576751709, 0.03833746910095215, 0.0269162654876709, 0.023134469985961914, 0.029727697372436523, 0.036434173583984375, 0.03438687324523926, 0.035951852798461914, 0.03622031211853027, 0.03484344482421875, 0.03758573532104492, 0.03492307662963867, 0.038751840591430664, 0.03699779510498047, 0.034487247467041016, 0.03750777244567871, 0.03677821159362793, 0.03573417663574219] 
optimizer time 0.003296375274658203 
Pure Training time without any dataloading part /epoch 2.9090218544006348 sec


=-=-=-=-=-=-=-=-=-=-=-=-=-=-=-=-=-=-=-=-=-=-=-=-=-=-=-=-=-=-=-=-=-=-=-=-=-=-=-=-=-=-=-=-=-=-=-=-=-=-=-=-=-=-=-=-=-=-=-=-
Epoch:  7
len(bkt)  173
len(bkt)  221
len(bkt)  374
len(bkt)  456
len(bkt)  445
len(bkt)  550
len(bkt)  655
len(bkt)  512
len(bkt)  576
len(bkt)  640
len(bkt)  624
len(bkt)  583
len(bkt)  615
len(bkt)  695
len(bkt)  673
len(bkt)  614
len(bkt)  556
len(bkt)  604
len(bkt)  584
len(bkt)  572
len(bkt)  586
len(bkt)  592
len(bkt)  648
len(bkt)  645
len(bkt)  183378


















check_connections_block*********************************
check_connections_block*********************************
connection checking time:  59.526074171066284
block generation total time  48.734814167022705
block dataloader generation time/epoch 115.02194242477417
number of bucket  10
[ 1  2  3  4  5  6  7  8  9 10]
number of bucket  24
[ 1  2  3  4  5  6  7  8  9 10 11 12 13 14 15 16 17 18 19 20 21 22 23 24]
----------------------------------------after one batch
 Nvidia-smi: 23.1796875 GB
    Memory Allocated: 0.2145395278930664  GigaBytes
Max Memory Allocated: 18.055744171142578  GigaBytes

number of bucket  10
[ 1  2  3  4  5  6  7  8  9 10]
number of bucket  1
[25]
----------------------------------------after one batch
 Nvidia-smi: 23.1796875 GB
    Memory Allocated: 0.39278697967529297  GigaBytes
Max Memory Allocated: 18.055744171142578  GigaBytes

number of bucket  10
[ 1  2  3  4  5  6  7  8  9 10]
number of bucket  1
[25]
----------------------------------------after one batch
 Nvidia-smi: 23.1796875 GB
    Memory Allocated: 0.40198802947998047  GigaBytes
Max Memory Allocated: 18.055744171142578  GigaBytes

number of bucket  10
[ 1  2  3  4  5  6  7  8  9 10]
number of bucket  1
[25]
----------------------------------------after one batch
 Nvidia-smi: 23.1796875 GB
    Memory Allocated: 0.40844058990478516  GigaBytes
Max Memory Allocated: 18.055744171142578  GigaBytes

number of bucket  10
[ 1  2  3  4  5  6  7  8  9 10]
number of bucket  1
[25]
----------------------------------------after one batch
 Nvidia-smi: 23.1796875 GB
    Memory Allocated: 0.4176774024963379  GigaBytes
Max Memory Allocated: 18.055744171142578  GigaBytes

number of bucket  10
[ 1  2  3  4  5  6  7  8  9 10]
number of bucket  1
[25]
----------------------------------------after one batch
 Nvidia-smi: 23.1796875 GB
    Memory Allocated: 0.4261288642883301  GigaBytes
Max Memory Allocated: 18.055744171142578  GigaBytes

number of bucket  10
[ 1  2  3  4  5  6  7  8  9 10]
number of bucket  1
[25]
----------------------------------------after one batch
 Nvidia-smi: 23.1796875 GB
    Memory Allocated: 0.4333028793334961  GigaBytes
Max Memory Allocated: 18.055744171142578  GigaBytes

number of bucket  10
[ 1  2  3  4  5  6  7  8  9 10]
number of bucket  1
[25]
----------------------------------------after one batch
 Nvidia-smi: 23.1796875 GB
    Memory Allocated: 0.4435133934020996  GigaBytes
Max Memory Allocated: 18.055744171142578  GigaBytes

number of bucket  10
[ 1  2  3  4  5  6  7  8  9 10]
number of bucket  1
[25]
----------------------------------------after one batch
 Nvidia-smi: 23.1796875 GB
    Memory Allocated: 0.45017576217651367  GigaBytes
Max Memory Allocated: 18.055744171142578  GigaBytes

number of bucket  10
[ 1  2  3  4  5  6  7  8  9 10]
number of bucket  1
[25]
----------------------------------------after one batch
 Nvidia-smi: 23.1796875 GB
    Memory Allocated: 0.4599018096923828  GigaBytes
Max Memory Allocated: 18.055744171142578  GigaBytes

number of bucket  10
[ 1  2  3  4  5  6  7  8  9 10]
number of bucket  1
[25]
----------------------------------------after one batch
 Nvidia-smi: 23.1796875 GB
    Memory Allocated: 0.46816062927246094  GigaBytes
Max Memory Allocated: 18.055744171142578  GigaBytes

number of bucket  10
[ 1  2  3  4  5  6  7  8  9 10]
number of bucket  1
[25]
----------------------------------------after one batch
 Nvidia-smi: 23.1796875 GB
    Memory Allocated: 0.47605228424072266  GigaBytes
Max Memory Allocated: 18.055744171142578  GigaBytes

number of bucket  10
[ 1  2  3  4  5  6  7  8  9 10]
number of bucket  1
[25]
----------------------------------------after one batch
 Nvidia-smi: 23.1796875 GB
    Memory Allocated: 0.483917236328125  GigaBytes
Max Memory Allocated: 18.055744171142578  GigaBytes

number of bucket  10
[ 1  2  3  4  5  6  7  8  9 10]
number of bucket  1
[25]
----------------------------------------after one batch
 Nvidia-smi: 23.1796875 GB
    Memory Allocated: 0.4929776191711426  GigaBytes
Max Memory Allocated: 18.055744171142578  GigaBytes

number of bucket  10
[ 1  2  3  4  5  6  7  8  9 10]
number of bucket  1
[25]
----------------------------------------after one batch
 Nvidia-smi: 23.1796875 GB
    Memory Allocated: 0.503333568572998  GigaBytes
Max Memory Allocated: 18.055744171142578  GigaBytes

number of bucket  10
[ 1  2  3  4  5  6  7  8  9 10]
number of bucket  1
[25]
----------------------------------------after one batch
 Nvidia-smi: 23.1796875 GB
    Memory Allocated: 0.5096607208251953  GigaBytes
Max Memory Allocated: 18.055744171142578  GigaBytes

number of bucket  10
[ 1  2  3  4  5  6  7  8  9 10]
number of bucket  1
[25]
----------------------------------------after one batch
 Nvidia-smi: 23.1796875 GB
    Memory Allocated: 0.5193781852722168  GigaBytes
Max Memory Allocated: 18.055744171142578  GigaBytes

number of bucket  10
[ 1  2  3  4  5  6  7  8  9 10]
number of bucket  1
[25]
----------------------------------------after one batch
 Nvidia-smi: 23.1796875 GB
    Memory Allocated: 0.5271110534667969  GigaBytes
Max Memory Allocated: 18.055744171142578  GigaBytes

----------------------------------------finish all batches
 Nvidia-smi: 23.1796875 GB
    Memory Allocated: 0.5271110534667969  GigaBytes
Max Memory Allocated: 18.055744171142578  GigaBytes

Number of first layer input nodes during this epoch each batch:  [485843, 898032, 898208, 894558, 897491, 897153, 895747, 899199, 895097, 896559, 895903, 898082, 897938, 897737, 900371, 897354, 898299, 898949]
Number of first layer input nodes during this epoch total:  15742520
Number of last layer output nodes during this epoch each batch:  [13193, 10787, 10787, 10787, 10787, 10787, 10787, 10787, 10787, 10787, 10787, 10787, 10787, 10787, 10787, 10787, 10787, 10786]
Number of last layer output nodes during this epoch total:  196571
----------------------------------------------------------pseudo_mini_loss sum 1.2122327089309692

modeling time total 2.1907057762145996, list [0.125596284866333, 0.12347865104675293, 0.12076210975646973, 0.12317895889282227, 0.12058162689208984, 0.12154626846313477, 0.12194108963012695, 0.12182354927062988, 0.12165260314941406, 0.12107348442077637, 0.12048196792602539, 0.12117362022399902, 0.12174081802368164, 0.12119388580322266, 0.12136602401733398, 0.12159276008605957, 0.12087845802307129, 0.12064361572265625] 
loss calculation time total 0.0028107166290283203, list [0.0007832050323486328, 0.00011444091796875, 0.00011181831359863281, 0.00011658668518066406, 0.00011539459228515625, 0.00011777877807617188, 0.00011539459228515625, 0.00016021728515625, 0.00011539459228515625, 0.00011491775512695312, 0.00011348724365234375, 0.00011706352233886719, 0.00013208389282226562, 0.00011181831359863281, 0.00011181831359863281, 0.00011157989501953125, 0.00012493133544921875, 0.0001227855682373047] 
backward time total 0.5750787258148193, list [0.10025644302368164, 0.030124425888061523, 0.026696443557739258, 0.025606870651245117, 0.031040191650390625, 0.03503274917602539, 0.037320613861083984, 0.023276329040527344, 0.02817535400390625, 0.02797412872314453, 0.029396533966064453, 0.02706432342529297, 0.02604222297668457, 0.022641420364379883, 0.027720928192138672, 0.029416322708129883, 0.024164438247680664, 0.023128986358642578] 
optimizer time 0.013431549072265625 
Pure Training time without any dataloading part /epoch 2.782026767730713 sec


=-=-=-=-=-=-=-=-=-=-=-=-=-=-=-=-=-=-=-=-=-=-=-=-=-=-=-=-=-=-=-=-=-=-=-=-=-=-=-=-=-=-=-=-=-=-=-=-=-=-=-=-=-=-=-=-=-=-=-=-
Epoch:  8
len(bkt)  173
len(bkt)  221
len(bkt)  374
len(bkt)  456
len(bkt)  445
len(bkt)  550
len(bkt)  655
len(bkt)  512
len(bkt)  576
len(bkt)  640
len(bkt)  624
len(bkt)  583
len(bkt)  615
len(bkt)  695
len(bkt)  673
len(bkt)  614
len(bkt)  556
len(bkt)  604
len(bkt)  584
len(bkt)  572
len(bkt)  586
len(bkt)  592
len(bkt)  648
len(bkt)  645
len(bkt)  183378


















check_connections_block*********************************
check_connections_block*********************************
connection checking time:  58.35901951789856
block generation total time  47.167131423950195
block dataloader generation time/epoch 114.64810188611348
number of bucket  10
[ 1  2  3  4  5  6  7  8  9 10]
number of bucket  24
[ 1  2  3  4  5  6  7  8  9 10 11 12 13 14 15 16 17 18 19 20 21 22 23 24]
----------------------------------------after one batch
 Nvidia-smi: 23.1796875 GB
    Memory Allocated: 0.21445274353027344  GigaBytes
Max Memory Allocated: 18.055744171142578  GigaBytes

number of bucket  10
[ 1  2  3  4  5  6  7  8  9 10]
number of bucket  1
[25]
----------------------------------------after one batch
 Nvidia-smi: 23.1796875 GB
    Memory Allocated: 0.3923225402832031  GigaBytes
Max Memory Allocated: 18.055744171142578  GigaBytes

number of bucket  10
[ 1  2  3  4  5  6  7  8  9 10]
number of bucket  1
[25]
----------------------------------------after one batch
 Nvidia-smi: 23.1796875 GB
    Memory Allocated: 0.4015998840332031  GigaBytes
Max Memory Allocated: 18.055744171142578  GigaBytes

number of bucket  10
[ 1  2  3  4  5  6  7  8  9 10]
number of bucket  1
[25]
----------------------------------------after one batch
 Nvidia-smi: 23.1796875 GB
    Memory Allocated: 0.41045331954956055  GigaBytes
Max Memory Allocated: 18.055744171142578  GigaBytes

number of bucket  10
[ 1  2  3  4  5  6  7  8  9 10]
number of bucket  1
[25]
----------------------------------------after one batch
 Nvidia-smi: 23.1796875 GB
    Memory Allocated: 0.41959619522094727  GigaBytes
Max Memory Allocated: 18.055744171142578  GigaBytes

number of bucket  10
[ 1  2  3  4  5  6  7  8  9 10]
number of bucket  1
[25]
----------------------------------------after one batch
 Nvidia-smi: 23.1796875 GB
    Memory Allocated: 0.42950439453125  GigaBytes
Max Memory Allocated: 18.055744171142578  GigaBytes

number of bucket  10
[ 1  2  3  4  5  6  7  8  9 10]
number of bucket  1
[25]
----------------------------------------after one batch
 Nvidia-smi: 23.1796875 GB
    Memory Allocated: 0.43819761276245117  GigaBytes
Max Memory Allocated: 18.055744171142578  GigaBytes

number of bucket  10
[ 1  2  3  4  5  6  7  8  9 10]
number of bucket  1
[25]
----------------------------------------after one batch
 Nvidia-smi: 23.1796875 GB
    Memory Allocated: 0.44484806060791016  GigaBytes
Max Memory Allocated: 18.055744171142578  GigaBytes

number of bucket  10
[ 1  2  3  4  5  6  7  8  9 10]
number of bucket  1
[25]
----------------------------------------after one batch
 Nvidia-smi: 23.1796875 GB
    Memory Allocated: 0.45104408264160156  GigaBytes
Max Memory Allocated: 18.055744171142578  GigaBytes

number of bucket  10
[ 1  2  3  4  5  6  7  8  9 10]
number of bucket  1
[25]
----------------------------------------after one batch
 Nvidia-smi: 23.1796875 GB
    Memory Allocated: 0.46156787872314453  GigaBytes
Max Memory Allocated: 18.055744171142578  GigaBytes

number of bucket  10
[ 1  2  3  4  5  6  7  8  9 10]
number of bucket  1
[25]
----------------------------------------after one batch
 Nvidia-smi: 23.1796875 GB
    Memory Allocated: 0.4705376625061035  GigaBytes
Max Memory Allocated: 18.055744171142578  GigaBytes

number of bucket  10
[ 1  2  3  4  5  6  7  8  9 10]
number of bucket  1
[25]
----------------------------------------after one batch
 Nvidia-smi: 23.1796875 GB
    Memory Allocated: 0.4797196388244629  GigaBytes
Max Memory Allocated: 18.055744171142578  GigaBytes

number of bucket  10
[ 1  2  3  4  5  6  7  8  9 10]
number of bucket  1
[25]
----------------------------------------after one batch
 Nvidia-smi: 23.1796875 GB
    Memory Allocated: 0.48940372467041016  GigaBytes
Max Memory Allocated: 18.055744171142578  GigaBytes

number of bucket  10
[ 1  2  3  4  5  6  7  8  9 10]
number of bucket  1
[25]
----------------------------------------after one batch
 Nvidia-smi: 23.1796875 GB
    Memory Allocated: 0.4962120056152344  GigaBytes
Max Memory Allocated: 18.055744171142578  GigaBytes

number of bucket  10
[ 1  2  3  4  5  6  7  8  9 10]
number of bucket  1
[25]
----------------------------------------after one batch
 Nvidia-smi: 23.1796875 GB
    Memory Allocated: 0.5047163963317871  GigaBytes
Max Memory Allocated: 18.055744171142578  GigaBytes

number of bucket  10
[ 1  2  3  4  5  6  7  8  9 10]
number of bucket  1
[25]
----------------------------------------after one batch
 Nvidia-smi: 23.1796875 GB
    Memory Allocated: 0.5127043724060059  GigaBytes
Max Memory Allocated: 18.055744171142578  GigaBytes

number of bucket  10
[ 1  2  3  4  5  6  7  8  9 10]
number of bucket  1
[25]
----------------------------------------after one batch
 Nvidia-smi: 23.1796875 GB
    Memory Allocated: 0.5218205451965332  GigaBytes
Max Memory Allocated: 18.055744171142578  GigaBytes

number of bucket  10
[ 1  2  3  4  5  6  7  8  9 10]
number of bucket  1
[25]
----------------------------------------after one batch
 Nvidia-smi: 23.1796875 GB
    Memory Allocated: 0.530517578125  GigaBytes
Max Memory Allocated: 18.055744171142578  GigaBytes

----------------------------------------finish all batches
 Nvidia-smi: 23.1796875 GB
    Memory Allocated: 0.530517578125  GigaBytes
Max Memory Allocated: 18.055744171142578  GigaBytes

Number of first layer input nodes during this epoch each batch:  [485816, 896121, 894927, 897745, 896060, 897245, 900396, 896164, 891877, 896855, 895232, 895685, 898387, 897049, 899816, 896623, 899801, 899241]
Number of first layer input nodes during this epoch total:  15735040
Number of last layer output nodes during this epoch each batch:  [13193, 10787, 10787, 10787, 10787, 10787, 10787, 10787, 10787, 10787, 10787, 10787, 10787, 10787, 10787, 10787, 10787, 10786]
Number of last layer output nodes during this epoch total:  196571
----------------------------------------------------------pseudo_mini_loss sum 1.114722728729248

modeling time total 2.1803369522094727, list [0.12407398223876953, 0.12117624282836914, 0.12069010734558105, 0.12049698829650879, 0.1207435131072998, 0.12120342254638672, 0.12068343162536621, 0.12116479873657227, 0.12059640884399414, 0.12068533897399902, 0.11971282958984375, 0.12096786499023438, 0.12098836898803711, 0.1204380989074707, 0.12149286270141602, 0.12275981903076172, 0.12132740020751953, 0.12113547325134277] 
loss calculation time total 0.0026400089263916016, list [0.0006504058837890625, 0.00011897087097167969, 0.00011682510375976562, 0.00011396408081054688, 0.00011539459228515625, 0.00011301040649414062, 0.00011372566223144531, 0.00011587142944335938, 0.00011396408081054688, 0.00011420249938964844, 0.00011348724365234375, 0.00011491775512695312, 0.00011420249938964844, 0.00011229515075683594, 0.00011491775512695312, 0.00015282630920410156, 0.00011610984802246094, 0.00011491775512695312] 
backward time total 0.5229437351226807, list [0.09905362129211426, 0.029240846633911133, 0.025911808013916016, 0.028433561325073242, 0.01865839958190918, 0.01806044578552246, 0.01808333396911621, 0.018116474151611328, 0.024116039276123047, 0.03263211250305176, 0.02239060401916504, 0.02445197105407715, 0.023889541625976562, 0.026972293853759766, 0.026433467864990234, 0.03364372253417969, 0.025520801544189453, 0.02733469009399414] 
optimizer time 0.00907754898071289 
Pure Training time without any dataloading part /epoch 2.714998245239258 sec


=-=-=-=-=-=-=-=-=-=-=-=-=-=-=-=-=-=-=-=-=-=-=-=-=-=-=-=-=-=-=-=-=-=-=-=-=-=-=-=-=-=-=-=-=-=-=-=-=-=-=-=-=-=-=-=-=-=-=-=-
Epoch:  9
len(bkt)  173
len(bkt)  221
len(bkt)  374
len(bkt)  456
len(bkt)  445
len(bkt)  550
len(bkt)  655
len(bkt)  512
len(bkt)  576
len(bkt)  640
len(bkt)  624
len(bkt)  583
len(bkt)  615
len(bkt)  695
len(bkt)  673
len(bkt)  614
len(bkt)  556
len(bkt)  604
len(bkt)  584
len(bkt)  572
len(bkt)  586
len(bkt)  592
len(bkt)  648
len(bkt)  645
len(bkt)  183378


















check_connections_block*********************************
check_connections_block*********************************
connection checking time:  58.58248281478882
block generation total time  47.514681816101074
block dataloader generation time/epoch 114.46285714421954
number of bucket  10
[ 1  2  3  4  5  6  7  8  9 10]
number of bucket  24
[ 1  2  3  4  5  6  7  8  9 10 11 12 13 14 15 16 17 18 19 20 21 22 23 24]
----------------------------------------after one batch
 Nvidia-smi: 23.1796875 GB
    Memory Allocated: 0.21430397033691406  GigaBytes
Max Memory Allocated: 18.055744171142578  GigaBytes

number of bucket  10
[ 1  2  3  4  5  6  7  8  9 10]
number of bucket  1
[25]
----------------------------------------after one batch
 Nvidia-smi: 23.1796875 GB
    Memory Allocated: 0.39242982864379883  GigaBytes
Max Memory Allocated: 18.055744171142578  GigaBytes

number of bucket  10
[ 1  2  3  4  5  6  7  8  9 10]
number of bucket  1
[25]
----------------------------------------after one batch
 Nvidia-smi: 23.1796875 GB
    Memory Allocated: 0.40118408203125  GigaBytes
Max Memory Allocated: 18.055744171142578  GigaBytes

number of bucket  10
[ 1  2  3  4  5  6  7  8  9 10]
number of bucket  1
[25]
----------------------------------------after one batch
 Nvidia-smi: 23.1796875 GB
    Memory Allocated: 0.4113502502441406  GigaBytes
Max Memory Allocated: 18.055744171142578  GigaBytes

number of bucket  10
[ 1  2  3  4  5  6  7  8  9 10]
number of bucket  1
[25]
----------------------------------------after one batch
 Nvidia-smi: 23.1796875 GB
    Memory Allocated: 0.41954565048217773  GigaBytes
Max Memory Allocated: 18.055744171142578  GigaBytes

number of bucket  10
[ 1  2  3  4  5  6  7  8  9 10]
number of bucket  1
[25]
----------------------------------------after one batch
 Nvidia-smi: 23.1796875 GB
    Memory Allocated: 0.42757320404052734  GigaBytes
Max Memory Allocated: 18.055744171142578  GigaBytes

number of bucket  10
[ 1  2  3  4  5  6  7  8  9 10]
number of bucket  1
[25]
----------------------------------------after one batch
 Nvidia-smi: 23.1796875 GB
    Memory Allocated: 0.43474626541137695  GigaBytes
Max Memory Allocated: 18.055744171142578  GigaBytes

number of bucket  10
[ 1  2  3  4  5  6  7  8  9 10]
number of bucket  1
[25]
----------------------------------------after one batch
 Nvidia-smi: 23.1796875 GB
    Memory Allocated: 0.4432511329650879  GigaBytes
Max Memory Allocated: 18.055744171142578  GigaBytes

number of bucket  10
[ 1  2  3  4  5  6  7  8  9 10]
number of bucket  1
[25]
----------------------------------------after one batch
 Nvidia-smi: 23.1796875 GB
    Memory Allocated: 0.4514751434326172  GigaBytes
Max Memory Allocated: 18.055744171142578  GigaBytes

number of bucket  10
[ 1  2  3  4  5  6  7  8  9 10]
number of bucket  1
[25]
----------------------------------------after one batch
 Nvidia-smi: 23.1796875 GB
    Memory Allocated: 0.4591050148010254  GigaBytes
Max Memory Allocated: 18.055744171142578  GigaBytes

number of bucket  10
[ 1  2  3  4  5  6  7  8  9 10]
number of bucket  1
[25]
----------------------------------------after one batch
 Nvidia-smi: 23.1796875 GB
    Memory Allocated: 0.4681515693664551  GigaBytes
Max Memory Allocated: 18.055744171142578  GigaBytes

number of bucket  10
[ 1  2  3  4  5  6  7  8  9 10]
number of bucket  1
[25]
----------------------------------------after one batch
 Nvidia-smi: 23.1796875 GB
    Memory Allocated: 0.4743838310241699  GigaBytes
Max Memory Allocated: 18.055744171142578  GigaBytes

number of bucket  10
[ 1  2  3  4  5  6  7  8  9 10]
number of bucket  1
[25]
----------------------------------------after one batch
 Nvidia-smi: 23.1796875 GB
    Memory Allocated: 0.48355579376220703  GigaBytes
Max Memory Allocated: 18.055744171142578  GigaBytes

number of bucket  10
[ 1  2  3  4  5  6  7  8  9 10]
number of bucket  1
[25]
----------------------------------------after one batch
 Nvidia-smi: 23.1796875 GB
    Memory Allocated: 0.49260663986206055  GigaBytes
Max Memory Allocated: 18.055744171142578  GigaBytes

number of bucket  10
[ 1  2  3  4  5  6  7  8  9 10]
number of bucket  1
[25]
----------------------------------------after one batch
 Nvidia-smi: 23.1796875 GB
    Memory Allocated: 0.5004978179931641  GigaBytes
Max Memory Allocated: 18.055744171142578  GigaBytes

number of bucket  10
[ 1  2  3  4  5  6  7  8  9 10]
number of bucket  1
[25]
----------------------------------------after one batch
 Nvidia-smi: 23.1796875 GB
    Memory Allocated: 0.507624626159668  GigaBytes
Max Memory Allocated: 18.055744171142578  GigaBytes

number of bucket  10
[ 1  2  3  4  5  6  7  8  9 10]
number of bucket  1
[25]
----------------------------------------after one batch
 Nvidia-smi: 23.1796875 GB
    Memory Allocated: 0.5165104866027832  GigaBytes
Max Memory Allocated: 18.055744171142578  GigaBytes

number of bucket  10
[ 1  2  3  4  5  6  7  8  9 10]
number of bucket  1
[25]
----------------------------------------after one batch
 Nvidia-smi: 23.1796875 GB
    Memory Allocated: 0.5261034965515137  GigaBytes
Max Memory Allocated: 18.055744171142578  GigaBytes

----------------------------------------finish all batches
 Nvidia-smi: 23.1796875 GB
    Memory Allocated: 0.5261034965515137  GigaBytes
Max Memory Allocated: 18.055744171142578  GigaBytes

Number of first layer input nodes during this epoch each batch:  [485105, 897728, 896796, 900272, 899173, 899310, 898453, 897020, 898070, 896424, 896961, 893812, 896920, 898164, 896135, 893313, 895988, 897880]
Number of first layer input nodes during this epoch total:  15737524
Number of last layer output nodes during this epoch each batch:  [13193, 10787, 10787, 10787, 10787, 10787, 10787, 10787, 10787, 10787, 10787, 10787, 10787, 10787, 10787, 10787, 10787, 10786]
Number of last layer output nodes during this epoch total:  196571
----------------------------------------------------------pseudo_mini_loss sum 1.050328254699707

modeling time total 2.173279285430908, list [0.1257321834564209, 0.12205696105957031, 0.12308764457702637, 0.12113356590270996, 0.12351584434509277, 0.11970877647399902, 0.12121820449829102, 0.12185192108154297, 0.11980009078979492, 0.12030649185180664, 0.11995100975036621, 0.11886453628540039, 0.11880254745483398, 0.11959028244018555, 0.12120866775512695, 0.11822342872619629, 0.11874818801879883, 0.11947894096374512] 
loss calculation time total 0.0026006698608398438, list [0.0006589889526367188, 0.00011229515075683594, 0.00011420249938964844, 0.00011682510375976562, 0.00013637542724609375, 0.0001125335693359375, 0.00011467933654785156, 0.00011587142944335938, 0.00010943412780761719, 0.0001220703125, 0.00011205673217773438, 0.00010848045349121094, 0.00011134147644042969, 0.00011157989501953125, 0.00011086463928222656, 0.00011181831359863281, 0.00010967254638671875, 0.00011157989501953125] 
backward time total 0.6534507274627686, list [0.10349369049072266, 0.027794599533081055, 0.030224084854125977, 0.0316617488861084, 0.03105616569519043, 0.03402853012084961, 0.03529763221740723, 0.030507564544677734, 0.029756784439086914, 0.027567625045776367, 0.03110480308532715, 0.025304317474365234, 0.03610658645629883, 0.034853458404541016, 0.036118268966674805, 0.03436279296875, 0.03692293167114258, 0.03728914260864258] 
optimizer time 0.004872322082519531 
Pure Training time without any dataloading part /epoch 2.834203004837036 sec

