WARNING:root:The OGB package is out of date. Your version is 1.3.5, while the latest version is 1.3.6.
main start at this time 1681873324.0390525
-----------------------------------------before load data 
 Nvidia-smi: 0.166015625 GB
    Memory Allocated: 0.0  GigaBytes
Max Memory Allocated: 0.0  GigaBytes

ogbn-arxiv
# Nodes: 169343
# Edges: 2315598
# Train: 90941
# Val: 29799
# Test: 48603
# Classes: 40

----------------------------------------start of run function 
 Nvidia-smi: 0.166015625 GB
    Memory Allocated: 0.0  GigaBytes
Max Memory Allocated: 0.0  GigaBytes

in feats:  128

=-=-=-=-=-=-=-=-=-=-=-=-=-=-=-=-=-=-=-=-=-=-=-=-=-=-=-=-=-=-=-=-=-=-=-=-=-=-=-=-=-=-=-=-=-=-=-=-=-=-=-=-=-=-=-=-=-=-=-=-
Epoch:  0
connection checking time:  2.050060272216797
block generation total time  2.0378315448760986
Number of first layer input nodes during this epoch each batch:  [151649, 143462]
Number of first layer input nodes during this epoch total:  295111
Number of last layer output nodes during this epoch each batch:  [70053, 20888]
Number of last layer output nodes during this epoch total:  90941
----------------------------------------------------------pseudo_mini_loss sum 4.211971282958984


=-=-=-=-=-=-=-=-=-=-=-=-=-=-=-=-=-=-=-=-=-=-=-=-=-=-=-=-=-=-=-=-=-=-=-=-=-=-=-=-=-=-=-=-=-=-=-=-=-=-=-=-=-=-=-=-=-=-=-=-
Epoch:  1
connection checking time:  2.118043899536133
block generation total time  1.997657299041748
Number of first layer input nodes during this epoch each batch:  [151541, 143536]
Number of first layer input nodes during this epoch total:  295077
Number of last layer output nodes during this epoch each batch:  [70053, 20888]
Number of last layer output nodes during this epoch total:  90941
----------------------------------------------------------pseudo_mini_loss sum 3.396198034286499


=-=-=-=-=-=-=-=-=-=-=-=-=-=-=-=-=-=-=-=-=-=-=-=-=-=-=-=-=-=-=-=-=-=-=-=-=-=-=-=-=-=-=-=-=-=-=-=-=-=-=-=-=-=-=-=-=-=-=-=-
Epoch:  2
connection checking time:  2.0062944889068604
block generation total time  1.9351959228515625
Number of first layer input nodes during this epoch each batch:  [151624, 143360]
Number of first layer input nodes during this epoch total:  294984
Number of last layer output nodes during this epoch each batch:  [70053, 20888]
Number of last layer output nodes during this epoch total:  90941
----------------------------------------------------------pseudo_mini_loss sum 3.1048529148101807


=-=-=-=-=-=-=-=-=-=-=-=-=-=-=-=-=-=-=-=-=-=-=-=-=-=-=-=-=-=-=-=-=-=-=-=-=-=-=-=-=-=-=-=-=-=-=-=-=-=-=-=-=-=-=-=-=-=-=-=-
Epoch:  3
connection checking time:  2.006312608718872
block generation total time  1.9433786869049072
block dataloader generation time/epoch 4.086778879165649
Number of first layer input nodes during this epoch each batch:  [151702, 143611]
Number of first layer input nodes during this epoch total:  295313
Number of last layer output nodes during this epoch each batch:  [70053, 20888]
Number of last layer output nodes during this epoch total:  90941
----------------------------------------------------------pseudo_mini_loss sum 3.020159959793091

Total (block generation + training)time/epoch 4.172633171081543 sec
Training time/epoch 0.08563375473022461 sec (without bucket block generation)
Training time without block to device /epoch 0.07232356071472168 sec
Pure Training time without any dataloading part /epoch 0.014922380447387695 sec
load block tensor time/epoch 0.05645871162414551 sec
block to device time/epoch 0.01331019401550293 sec


=-=-=-=-=-=-=-=-=-=-=-=-=-=-=-=-=-=-=-=-=-=-=-=-=-=-=-=-=-=-=-=-=-=-=-=-=-=-=-=-=-=-=-=-=-=-=-=-=-=-=-=-=-=-=-=-=-=-=-=-
Epoch:  4
connection checking time:  2.1217117309570312
block generation total time  1.9319281578063965
block dataloader generation time/epoch 4.143527030944824
Number of first layer input nodes during this epoch each batch:  [151737, 143551]
Number of first layer input nodes during this epoch total:  295288
Number of last layer output nodes during this epoch each batch:  [70053, 20888]
Number of last layer output nodes during this epoch total:  90941
----------------------------------------------------------pseudo_mini_loss sum 2.8995978832244873

Total (block generation + training)time/epoch 4.234240293502808 sec
Training time/epoch 0.09534931182861328 sec (without bucket block generation)
Training time without block to device /epoch 0.08426356315612793 sec
Pure Training time without any dataloading part /epoch 0.014235496520996094 sec
load block tensor time/epoch 0.06827521324157715 sec
block to device time/epoch 0.011085748672485352 sec


=-=-=-=-=-=-=-=-=-=-=-=-=-=-=-=-=-=-=-=-=-=-=-=-=-=-=-=-=-=-=-=-=-=-=-=-=-=-=-=-=-=-=-=-=-=-=-=-=-=-=-=-=-=-=-=-=-=-=-=-
Epoch:  5
connection checking time:  2.1641950607299805
block generation total time  1.9488341808319092
block dataloader generation time/epoch 4.183164993921916
Number of first layer input nodes during this epoch each batch:  [151569, 143475]
Number of first layer input nodes during this epoch total:  295044
Number of last layer output nodes during this epoch each batch:  [70053, 20888]
Number of last layer output nodes during this epoch total:  90941
----------------------------------------------------------pseudo_mini_loss sum 2.776132822036743

Total (block generation + training)time/epoch 4.271253347396851 sec
Training time/epoch 0.08272409439086914 sec (without bucket block generation)
Training time without block to device /epoch 0.07283806800842285 sec
Pure Training time without any dataloading part /epoch 0.014951229095458984 sec
load block tensor time/epoch 0.05699491500854492 sec
block to device time/epoch 0.009886026382446289 sec


=-=-=-=-=-=-=-=-=-=-=-=-=-=-=-=-=-=-=-=-=-=-=-=-=-=-=-=-=-=-=-=-=-=-=-=-=-=-=-=-=-=-=-=-=-=-=-=-=-=-=-=-=-=-=-=-=-=-=-=-
Epoch:  6
connection checking time:  2.156250476837158
block generation total time  2.0232088565826416
block dataloader generation time/epoch 4.217414081096649
Number of first layer input nodes during this epoch each batch:  [151765, 143624]
Number of first layer input nodes during this epoch total:  295389
Number of last layer output nodes during this epoch each batch:  [70053, 20888]
Number of last layer output nodes during this epoch total:  90941
----------------------------------------------------------pseudo_mini_loss sum 2.673691749572754

Total (block generation + training)time/epoch 4.30889105796814 sec
Training time/epoch 0.10143804550170898 sec (without bucket block generation)
Training time without block to device /epoch 0.08362531661987305 sec
Pure Training time without any dataloading part /epoch 0.016284942626953125 sec
load block tensor time/epoch 0.06633687019348145 sec
block to device time/epoch 0.017812728881835938 sec


=-=-=-=-=-=-=-=-=-=-=-=-=-=-=-=-=-=-=-=-=-=-=-=-=-=-=-=-=-=-=-=-=-=-=-=-=-=-=-=-=-=-=-=-=-=-=-=-=-=-=-=-=-=-=-=-=-=-=-=-
Epoch:  7
connection checking time:  2.0258634090423584
block generation total time  1.9264769554138184
block dataloader generation time/epoch 4.191873073577881
Number of first layer input nodes during this epoch each batch:  [151656, 143491]
Number of first layer input nodes during this epoch total:  295147
Number of last layer output nodes during this epoch each batch:  [70053, 20888]
Number of last layer output nodes during this epoch total:  90941
----------------------------------------------------------pseudo_mini_loss sum 2.596698760986328

Total (block generation + training)time/epoch 4.281498289108276 sec
Training time/epoch 0.08210587501525879 sec (without bucket block generation)
Training time without block to device /epoch 0.07212114334106445 sec
Pure Training time without any dataloading part /epoch 0.011804580688476562 sec
load block tensor time/epoch 0.05846905708312988 sec
block to device time/epoch 0.009984731674194336 sec


=-=-=-=-=-=-=-=-=-=-=-=-=-=-=-=-=-=-=-=-=-=-=-=-=-=-=-=-=-=-=-=-=-=-=-=-=-=-=-=-=-=-=-=-=-=-=-=-=-=-=-=-=-=-=-=-=-=-=-=-
Epoch:  8
connection checking time:  2.1171321868896484
block generation total time  1.96659255027771
block dataloader generation time/epoch 4.197827458381653
Number of first layer input nodes during this epoch each batch:  [151485, 143449]
Number of first layer input nodes during this epoch total:  294934
Number of last layer output nodes during this epoch each batch:  [70053, 20888]
Number of last layer output nodes during this epoch total:  90941
----------------------------------------------------------pseudo_mini_loss sum 2.5070712566375732

Total (block generation + training)time/epoch 4.289197127024333 sec
Training time/epoch 0.09990596771240234 sec (without bucket block generation)
Training time without block to device /epoch 0.08472466468811035 sec
Pure Training time without any dataloading part /epoch 0.016019582748413086 sec
load block tensor time/epoch 0.06792044639587402 sec
block to device time/epoch 0.015181303024291992 sec


=-=-=-=-=-=-=-=-=-=-=-=-=-=-=-=-=-=-=-=-=-=-=-=-=-=-=-=-=-=-=-=-=-=-=-=-=-=-=-=-=-=-=-=-=-=-=-=-=-=-=-=-=-=-=-=-=-=-=-=-
Epoch:  9
connection checking time:  2.0963551998138428
block generation total time  2.038053035736084
block dataloader generation time/epoch 4.210684163229806
Number of first layer input nodes during this epoch each batch:  [151661, 143480]
Number of first layer input nodes during this epoch total:  295141
Number of last layer output nodes during this epoch each batch:  [70053, 20888]
Number of last layer output nodes during this epoch total:  90941
----------------------------------------------------------pseudo_mini_loss sum 2.4319944381713867

Total (block generation + training)time/epoch 4.303607293537685 sec
Training time/epoch 0.10204172134399414 sec (without bucket block generation)
Training time without block to device /epoch 0.08363223075866699 sec
Pure Training time without any dataloading part /epoch 0.016641616821289062 sec
load block tensor time/epoch 0.06615638732910156 sec
block to device time/epoch 0.01840949058532715 sec
