main start at this time 1681424286.503889
-----------------------------------------before load data 
 Nvidia-smi: 1.6748046875 GB
    Memory Allocated: 0.0  GigaBytes
Max Memory Allocated: 0.0  GigaBytes

karate data
{}
{}
Graph(num_nodes=7, num_edges=14,
      ndata_schemes={'label': Scheme(shape=(), dtype=torch.int64), 'feat': Scheme(shape=(4,), dtype=torch.float32)}
      edata_schemes={})
#nodes: 7
#edges: 14
#classes: 2
success----------------------------------------
4
2
1
# Nodes: 7
# Edges: 14
# Train: 4
# Val: 2
# Test: 1
# Classes: 2

----------------------------------------start of run function 
 Nvidia-smi: 1.6748046875 GB
    Memory Allocated: 0.0  GigaBytes
Max Memory Allocated: 0.0  GigaBytes

in feats:  4
REG start----................................
Convert a graph into a bidirected graph: 0.001 seconds, peak memory: 23.738 GB
Construct multi-constraint weights: 0.000 seconds, peak memory: 23.738 GB
[22:18:12] /opt/dgl/src/graph/transform/metis_partition_hetero.cc:87: Partition a graph with 4 nodes and 8 edges into 2 parts and get 2 edge cuts
Metis partitioning: 0.000 seconds, peak memory: 23.738 GB
Split the graph: 0.001 seconds
Construct subgraphs: 0.001 seconds
REG metis partition dst partition nids ----.........--=-=-=-=-=-=.......
[0, 1]
[2, 3]
REG metis partition end ----................................
-----------------------------------------------global batched output nodes id----------------------------
[[2, 0], [1, 3]]
pseudo mini batch 0 input nodes size: 5
----------------------------------------before batch input features to device
 Nvidia-smi: 2.8525390625 GB
    Memory Allocated: 5.7220458984375e-06  GigaBytes
Max Memory Allocated: 5.7220458984375e-06  GigaBytes

----------------------------------------after batch input features to device
 Nvidia-smi: 2.8525390625 GB
    Memory Allocated: 6.198883056640625e-06  GigaBytes
Max Memory Allocated: 6.198883056640625e-06  GigaBytes

----------------------------------------after  batch labels to device
 Nvidia-smi: 2.8525390625 GB
    Memory Allocated: 6.67572021484375e-06  GigaBytes
Max Memory Allocated: 6.67572021484375e-06  GigaBytes

pseudo mini batch 1 input nodes size: 6
----------------------------------------before batch input features to device
 Nvidia-smi: 3.0380859375 GB
    Memory Allocated: 1.7642974853515625e-05  GigaBytes
Max Memory Allocated: 2.47955322265625e-05  GigaBytes

----------------------------------------after batch input features to device
 Nvidia-smi: 3.0380859375 GB
    Memory Allocated: 1.811981201171875e-05  GigaBytes
Max Memory Allocated: 2.47955322265625e-05  GigaBytes

----------------------------------------after  batch labels to device
 Nvidia-smi: 3.0380859375 GB
    Memory Allocated: 1.8596649169921875e-05  GigaBytes
Max Memory Allocated: 2.47955322265625e-05  GigaBytes

----------------------------------------------------------pseudo_mini_loss sum 1.6153931617736816