main start at this time 1681009873.3239677
-----------------------------------------before load data 
 Nvidia-smi: 1.5087890625 GB
    Memory Allocated: 0.0  GigaBytes
Max Memory Allocated: 0.0  GigaBytes

karate data
{}
{}
Graph(num_nodes=7, num_edges=14,
      ndata_schemes={'label': Scheme(shape=(), dtype=torch.int64), 'feat': Scheme(shape=(4,), dtype=torch.float32)}
      edata_schemes={})
#nodes: 7
#edges: 14
#classes: 2
success----------------------------------------
4
2
1
# Nodes: 7
# Edges: 14
# Train: 4
# Val: 2
# Test: 1
# Classes: 2

----------------------------------------start of run function 
 Nvidia-smi: 1.5087890625 GB
    Memory Allocated: 0.0  GigaBytes
Max Memory Allocated: 0.0  GigaBytes

in feats:  4
layer_block.edata[dgl.NID]
tensor([ 2,  8,  1,  0,  5, 12,  3,  6, 10])
dst global nid  tensor([2, 0, 1, 3])
corresponding in degs tensor([2, 1, 3, 3])
before  shuffle  tensor([2, 3])
after shuffle  tensor([3, 2])
total k batches seeds list generation spend  0.0004649162292480469
----------------------------------------
src global  tensor([2, 0, 1, 3, 5, 4])
local nid  tensor([1, 0])
global nid  tensor([0, 2])

src global  tensor([2, 0, 1, 3, 5, 4])
local nid  tensor([3])
global nid  tensor([3])

src global  tensor([2, 0, 1, 3, 5, 4])
local nid  tensor([2])
global nid  tensor([1])

----------------------------------------
 the number of batches:  3
mini_batch_src_local tensor([2, 2, 3])
mini_batch_src_local tensor([2, 0, 5])
mini_batch_src_local tensor([1, 0, 4])
layer_block.edata[dgl.NID]
tensor([ 2,  8,  1,  0, 12,  3,  6, 11,  4,  7])
mini_batch_src_local tensor([2, 2, 3, 1, 4, 2, 0])
mini_batch_src_local tensor([2, 0, 1, 4, 2, 3, 2, 0])
mini_batch_src_local tensor([1, 4, 2, 2, 3, 2])
src global  tensor([0, 2, 1, 3, 5])
dst global  tensor([0, 2])
eid global  tensor([1, 2, 8])
input global nids  tensor([0, 2, 1, 3, 5])
input features:  tensor([[0., 0., 0., 0.],
        [2., 2., 2., 2.],
        [1., 1., 1., 1.],
        [3., 3., 3., 3.],
        [5., 5., 5., 5.]], device='cuda:0')
seeds global nids  tensor([0, 2])
seeds labels :  tensor([0, 0], device='cuda:0')
step 0 ------ loss 0.49349871277809143 weight: 0.5

src global  tensor([3, 1, 2, 4, 0, 5])
dst global  tensor([3])
eid global  tensor([ 3,  6, 10])
input global nids  tensor([3, 1, 2, 4, 0, 5])
input features:  tensor([[3., 3., 3., 3.],
        [1., 1., 1., 1.],
        [2., 2., 2., 2.],
        [4., 4., 4., 4.],
        [0., 0., 0., 0.],
        [5., 5., 5., 5.]], device='cuda:0')
seeds global nids  tensor([3])
seeds labels :  tensor([1], device='cuda:0')
step 1 ------ loss 4.807262897491455 weight: 0.25

src global  tensor([1, 0, 2, 5, 3])
dst global  tensor([1])
eid global  tensor([ 0,  5, 12])
input global nids  tensor([1, 0, 2, 5, 3])
input features:  tensor([[1., 1., 1., 1.],
        [0., 0., 0., 0.],
        [2., 2., 2., 2.],
        [5., 5., 5., 5.],
        [3., 3., 3., 3.]], device='cuda:0')
seeds global nids  tensor([1])
seeds labels :  tensor([1], device='cuda:0')
step 2 ------ loss 0.8150188326835632 weight: 0.25

------accumulated loss is  1.6523197889328003
------accumulated sum loss is  1.6523197889328003

