main start at this time 1668822630.8349538
-----------------------------------------before load data 
 Nvidia-smi: 0.166015625 GB
    Memory Allocated: 0.0  GigaBytes
Max Memory Allocated: 0.0  GigaBytes

#nodes: 2449029
#edges: 123718024
#classes: 47
success----------------------------------------
196571
39255
2164782
# Nodes: 2400608
# Edges: 123718024
# Train: 196571
# Val: 39255
# Test: 2164782
# Classes: 47

----------------------------------------start of run function 
 Nvidia-smi: 0.166015625 GB
    Memory Allocated: 0.0  GigaBytes
Max Memory Allocated: 0.0  GigaBytes

in feats:  100
----------------------------------------before model to device 
 Nvidia-smi: 0.166015625 GB
    Memory Allocated: 0.0  GigaBytes
Max Memory Allocated: 0.0  GigaBytes

----------------------------------------after model to device
 Nvidia-smi: 1.337890625 GB
    Memory Allocated: 0.0003376007080078125  GigaBytes
Max Memory Allocated: 0.0003376007080078125  GigaBytes

----------------------------------------before generate dataloader block 
 Nvidia-smi: 1.337890625 GB
    Memory Allocated: 0.0003376007080078125  GigaBytes
Max Memory Allocated: 0.0003376007080078125  GigaBytes

-----------------------------------------after block dataloader generation 
 Nvidia-smi: 1.337890625 GB
    Memory Allocated: 0.0003376007080078125  GigaBytes
Max Memory Allocated: 0.0003376007080078125  GigaBytes

connection checking time:  0
block generation total time  0
average batch blocks generation time:  0
pseudo mini batch 0 input nodes size: 847729
----------------------------------------before load block subtensor 
 Nvidia-smi: 1.337890625 GB
    Memory Allocated: 0.0003376007080078125  GigaBytes
Max Memory Allocated: 0.0003376007080078125  GigaBytes

----------------------------------------before batch input features to device
 Nvidia-smi: 1.337890625 GB
    Memory Allocated: 0.0003376007080078125  GigaBytes
Max Memory Allocated: 0.0003376007080078125  GigaBytes

----------------------------------------after batch input features to device
 Nvidia-smi: 1.654296875 GB
    Memory Allocated: 0.3167438507080078  GigaBytes
Max Memory Allocated: 0.3167438507080078  GigaBytes

----------------------------------------after  batch labels to device
 Nvidia-smi: 1.673828125 GB
    Memory Allocated: 0.3182086944580078  GigaBytes
Max Memory Allocated: 0.3182086944580078  GigaBytes

----------------------------------------after load block subtensor  
 Nvidia-smi: 1.673828125 GB
    Memory Allocated: 0.3182086944580078  GigaBytes
Max Memory Allocated: 0.3182086944580078  GigaBytes

the counter of in-degree of the smallest block in current batch !!!!!!!!!!!!!!_______________!!!!!!!!!!
Counter({10: 192609, 7: 655, 9: 576, 6: 550, 8: 512, 4: 456, 5: 445, 3: 374, 2: 221, 1: 173})

----------------------------------------after blocks to device 
 Nvidia-smi: 1.78125 GB
    Memory Allocated: 0.34798431396484375  GigaBytes
Max Memory Allocated: 0.34798431396484375  GigaBytes

----------------------------------------before batch_pred = model(blocks, batch_inputs) 
 Nvidia-smi: 1.78125 GB
    Memory Allocated: 0.34798431396484375  GigaBytes
Max Memory Allocated: 0.34798431396484375  GigaBytes

----------------------------------------- after batch_pred = model(blocks, batch_inputs) 
 Nvidia-smi: 14.55859375 GB
    Memory Allocated: 11.617899417877197  GigaBytes
Max Memory Allocated: 12.997834205627441  GigaBytes

-----------------------------------------after loss calculation
 Nvidia-smi: 14.55859375 GB
    Memory Allocated: 11.652318000793457  GigaBytes
Max Memory Allocated: 12.997834205627441  GigaBytes

-----------------------------------------after loss backward
 Nvidia-smi: 14.56640625 GB
    Memory Allocated: 0.38274049758911133  GigaBytes
Max Memory Allocated: 12.997834205627441  GigaBytes

-----------------------------------------after optimizer step
 Nvidia-smi: 14.56640625 GB
    Memory Allocated: 0.38341569900512695  GigaBytes
Max Memory Allocated: 12.997834205627441  GigaBytes

-----------------------------------------after optimizer zero grad
 Nvidia-smi: 14.56640625 GB
    Memory Allocated: 0.38341569900512695  GigaBytes
Max Memory Allocated: 12.997834205627441  GigaBytes

times | data loading | block to device | model prediction | loss calculation | loss backward |  optimizer step |
      |0.24055719375610352 |0.3288078308105469 |0.27890729904174805 |0.00022363662719726562 |0.06867814064025879 |0.003972530364990234 |
----------------------------------------------------------pseudo_mini_loss sum 4.791498184204102
 Run 0| Epoch 0 |
Number of nodes for computation during this epoch:  847729
Number of first layer input nodes during this epoch:  847729
Number of first layer output nodes during this epoch:  196571
----------------------------------------before generate dataloader block 
 Nvidia-smi: 14.56640625 GB
    Memory Allocated: 0.38341522216796875  GigaBytes
Max Memory Allocated: 12.997834205627441  GigaBytes

-----------------------------------------after block dataloader generation 
 Nvidia-smi: 14.56640625 GB
    Memory Allocated: 0.38341522216796875  GigaBytes
Max Memory Allocated: 12.997834205627441  GigaBytes

connection checking time:  0
block generation total time  0
average batch blocks generation time:  0
pseudo mini batch 0 input nodes size: 848092
----------------------------------------before load block subtensor 
 Nvidia-smi: 14.56640625 GB
    Memory Allocated: 0.3536391258239746  GigaBytes
Max Memory Allocated: 12.997834205627441  GigaBytes

----------------------------------------before batch input features to device
 Nvidia-smi: 14.56640625 GB
    Memory Allocated: 0.3536391258239746  GigaBytes
Max Memory Allocated: 12.997834205627441  GigaBytes

----------------------------------------after batch input features to device
 Nvidia-smi: 14.56640625 GB
    Memory Allocated: 0.6695780754089355  GigaBytes
Max Memory Allocated: 12.997834205627441  GigaBytes

----------------------------------------after  batch labels to device
 Nvidia-smi: 14.56640625 GB
    Memory Allocated: 0.6710429191589355  GigaBytes
Max Memory Allocated: 12.997834205627441  GigaBytes

----------------------------------------after load block subtensor  
 Nvidia-smi: 14.56640625 GB
    Memory Allocated: 0.35317182540893555  GigaBytes
Max Memory Allocated: 12.997834205627441  GigaBytes

the counter of in-degree of the smallest block in current batch !!!!!!!!!!!!!!_______________!!!!!!!!!!
Counter({10: 192609, 7: 655, 9: 576, 6: 550, 8: 512, 4: 456, 5: 445, 3: 374, 2: 221, 1: 173})

----------------------------------------after blocks to device 
 Nvidia-smi: 14.56640625 GB
    Memory Allocated: 0.3829474449157715  GigaBytes
Max Memory Allocated: 12.997834205627441  GigaBytes

----------------------------------------before batch_pred = model(blocks, batch_inputs) 
 Nvidia-smi: 14.56640625 GB
    Memory Allocated: 0.3829474449157715  GigaBytes
Max Memory Allocated: 12.997834205627441  GigaBytes

----------------------------------------- after batch_pred = model(blocks, batch_inputs) 
 Nvidia-smi: 15.287109375 GB
    Memory Allocated: 11.617709636688232  GigaBytes
Max Memory Allocated: 13.032413482666016  GigaBytes

-----------------------------------------after loss calculation
 Nvidia-smi: 15.287109375 GB
    Memory Allocated: 11.652128219604492  GigaBytes
Max Memory Allocated: 13.032413482666016  GigaBytes

-----------------------------------------after loss backward
 Nvidia-smi: 15.287109375 GB
    Memory Allocated: 0.3829483985900879  GigaBytes
Max Memory Allocated: 13.032413482666016  GigaBytes

-----------------------------------------after optimizer step
 Nvidia-smi: 15.287109375 GB
    Memory Allocated: 0.3829483985900879  GigaBytes
Max Memory Allocated: 13.032413482666016  GigaBytes

-----------------------------------------after optimizer zero grad
 Nvidia-smi: 15.287109375 GB
    Memory Allocated: 0.3829483985900879  GigaBytes
Max Memory Allocated: 13.032413482666016  GigaBytes

times | data loading | block to device | model prediction | loss calculation | loss backward |  optimizer step |
      |0.12346625328063965 |0.015753746032714844 |0.027782678604125977 |0.00011324882507324219 |0.011756658554077148 |0.0025634765625 |
----------------------------------------------------------pseudo_mini_loss sum 4.167877197265625
 Run 0| Epoch 1 |
Number of nodes for computation during this epoch:  848092
Number of first layer input nodes during this epoch:  848092
Number of first layer output nodes during this epoch:  196571
----------------------------------------before generate dataloader block 
 Nvidia-smi: 15.287109375 GB
    Memory Allocated: 0.3829479217529297  GigaBytes
Max Memory Allocated: 13.032413482666016  GigaBytes

-----------------------------------------after block dataloader generation 
 Nvidia-smi: 15.287109375 GB
    Memory Allocated: 0.3829479217529297  GigaBytes
Max Memory Allocated: 13.032413482666016  GigaBytes

connection checking time:  0
block generation total time  0
average batch blocks generation time:  0
block dataloader generation time/epoch 0.058766841888427734
pseudo mini batch 0 input nodes size: 848103
----------------------------------------before load block subtensor 
 Nvidia-smi: 15.287109375 GB
    Memory Allocated: 0.35317182540893555  GigaBytes
Max Memory Allocated: 13.032413482666016  GigaBytes

----------------------------------------before batch input features to device
 Nvidia-smi: 15.287109375 GB
    Memory Allocated: 0.35317182540893555  GigaBytes
Max Memory Allocated: 13.032413482666016  GigaBytes

----------------------------------------after batch input features to device
 Nvidia-smi: 15.287109375 GB
    Memory Allocated: 0.6695780754089355  GigaBytes
Max Memory Allocated: 13.032413482666016  GigaBytes

----------------------------------------after  batch labels to device
 Nvidia-smi: 15.287109375 GB
    Memory Allocated: 0.6715435981750488  GigaBytes
Max Memory Allocated: 13.032413482666016  GigaBytes

----------------------------------------after load block subtensor  
 Nvidia-smi: 15.287109375 GB
    Memory Allocated: 0.3541398048400879  GigaBytes
Max Memory Allocated: 13.032413482666016  GigaBytes

the counter of in-degree of the smallest block in current batch !!!!!!!!!!!!!!_______________!!!!!!!!!!
Counter({10: 192609, 7: 655, 9: 576, 6: 550, 8: 512, 4: 456, 5: 445, 3: 374, 2: 221, 1: 173})

----------------------------------------after blocks to device 
 Nvidia-smi: 15.287109375 GB
    Memory Allocated: 0.38391542434692383  GigaBytes
Max Memory Allocated: 13.032413482666016  GigaBytes

----------------------------------------before batch_pred = model(blocks, batch_inputs) 
 Nvidia-smi: 15.287109375 GB
    Memory Allocated: 0.38391542434692383  GigaBytes
Max Memory Allocated: 13.032413482666016  GigaBytes

----------------------------------------- after batch_pred = model(blocks, batch_inputs) 
 Nvidia-smi: 15.287109375 GB
    Memory Allocated: 11.619351863861084  GigaBytes
Max Memory Allocated: 13.033191204071045  GigaBytes

-----------------------------------------after loss calculation
 Nvidia-smi: 15.287109375 GB
    Memory Allocated: 11.653770446777344  GigaBytes
Max Memory Allocated: 13.033191204071045  GigaBytes

-----------------------------------------after loss backward
 Nvidia-smi: 15.287109375 GB
    Memory Allocated: 0.38391637802124023  GigaBytes
Max Memory Allocated: 13.033191204071045  GigaBytes

-----------------------------------------after optimizer step
 Nvidia-smi: 15.287109375 GB
    Memory Allocated: 0.38391637802124023  GigaBytes
Max Memory Allocated: 13.033191204071045  GigaBytes

-----------------------------------------after optimizer zero grad
 Nvidia-smi: 15.287109375 GB
    Memory Allocated: 0.38391637802124023  GigaBytes
Max Memory Allocated: 13.033191204071045  GigaBytes

times | data loading | block to device | model prediction | loss calculation | loss backward |  optimizer step |
      |0.12964677810668945 |0.015464305877685547 |0.026614904403686523 |0.00013399124145507812 |0.013375282287597656 |0.002620697021484375 |
----------------------------------------------------------pseudo_mini_loss sum 3.4641401767730713
Total (block generation + training)time/epoch 0.39400815963745117
Training time/epoch 0.3350191116333008
Training time without block to device /epoch 0.31955480575561523
Training time without total dataloading part /epoch 0.04274487495422363
load block tensor time/epoch 0.12964677810668945
block to device time/epoch 0.015464305877685547
input features size transfer per epoch 1.341104507446289e-07
blocks size to device per epoch 8.940696716308594e-08
 Run 0| Epoch 2 |
Number of nodes for computation during this epoch:  848103
Number of first layer input nodes during this epoch:  848103
Number of first layer output nodes during this epoch:  196571
----------------------------------------before generate dataloader block 
 Nvidia-smi: 15.287109375 GB
    Memory Allocated: 0.38391590118408203  GigaBytes
Max Memory Allocated: 13.033191204071045  GigaBytes

-----------------------------------------after block dataloader generation 
 Nvidia-smi: 15.287109375 GB
    Memory Allocated: 0.38391590118408203  GigaBytes
Max Memory Allocated: 13.033191204071045  GigaBytes

connection checking time:  0
block generation total time  0
average batch blocks generation time:  0
block dataloader generation time/epoch 0.05036473274230957
pseudo mini batch 0 input nodes size: 848211
----------------------------------------before load block subtensor 
 Nvidia-smi: 15.287109375 GB
    Memory Allocated: 0.3541398048400879  GigaBytes
Max Memory Allocated: 13.033191204071045  GigaBytes

----------------------------------------before batch input features to device
 Nvidia-smi: 15.287109375 GB
    Memory Allocated: 0.3541398048400879  GigaBytes
Max Memory Allocated: 13.033191204071045  GigaBytes

----------------------------------------after batch input features to device
 Nvidia-smi: 15.287109375 GB
    Memory Allocated: 0.6701231002807617  GigaBytes
Max Memory Allocated: 13.033191204071045  GigaBytes

----------------------------------------after  batch labels to device
 Nvidia-smi: 15.287109375 GB
    Memory Allocated: 0.6715879440307617  GigaBytes
Max Memory Allocated: 13.033191204071045  GigaBytes

----------------------------------------after load block subtensor  
 Nvidia-smi: 15.287109375 GB
    Memory Allocated: 0.35321617126464844  GigaBytes
Max Memory Allocated: 13.033191204071045  GigaBytes

the counter of in-degree of the smallest block in current batch !!!!!!!!!!!!!!_______________!!!!!!!!!!
Counter({10: 192609, 7: 655, 9: 576, 6: 550, 8: 512, 4: 456, 5: 445, 3: 374, 2: 221, 1: 173})

----------------------------------------after blocks to device 
 Nvidia-smi: 15.287109375 GB
    Memory Allocated: 0.3829917907714844  GigaBytes
Max Memory Allocated: 13.033191204071045  GigaBytes

----------------------------------------before batch_pred = model(blocks, batch_inputs) 
 Nvidia-smi: 15.287109375 GB
    Memory Allocated: 0.3829917907714844  GigaBytes
Max Memory Allocated: 13.033191204071045  GigaBytes

----------------------------------------- after batch_pred = model(blocks, batch_inputs) 
 Nvidia-smi: 15.287109375 GB
    Memory Allocated: 11.618489265441895  GigaBytes
Max Memory Allocated: 13.033191204071045  GigaBytes

-----------------------------------------after loss calculation
 Nvidia-smi: 15.287109375 GB
    Memory Allocated: 11.652907848358154  GigaBytes
Max Memory Allocated: 13.033191204071045  GigaBytes

-----------------------------------------after loss backward
 Nvidia-smi: 15.287109375 GB
    Memory Allocated: 0.3829927444458008  GigaBytes
Max Memory Allocated: 13.033191204071045  GigaBytes

-----------------------------------------after optimizer step
 Nvidia-smi: 15.287109375 GB
    Memory Allocated: 0.3829927444458008  GigaBytes
Max Memory Allocated: 13.033191204071045  GigaBytes

-----------------------------------------after optimizer zero grad
 Nvidia-smi: 15.287109375 GB
    Memory Allocated: 0.3829927444458008  GigaBytes
Max Memory Allocated: 13.033191204071045  GigaBytes

times | data loading | block to device | model prediction | loss calculation | loss backward |  optimizer step |
      |0.14667487144470215 |0.015881061553955078 |0.02717447280883789 |0.00011134147644042969 |0.015891551971435547 |0.0011365413665771484 |
----------------------------------------------------------pseudo_mini_loss sum 2.572758674621582
Total (block generation + training)time/epoch 0.3933926820755005
Training time/epoch 0.35065793991088867
Training time without block to device /epoch 0.3347768783569336
Training time without total dataloading part /epoch 0.044313907623291016
load block tensor time/epoch 0.14667487144470215
block to device time/epoch 0.015881061553955078
input features size transfer per epoch 1.341104507446289e-07
blocks size to device per epoch 8.940696716308594e-08
 Run 0| Epoch 3 |
Number of nodes for computation during this epoch:  848211
Number of first layer input nodes during this epoch:  848211
Number of first layer output nodes during this epoch:  196571
----------------------------------------before generate dataloader block 
 Nvidia-smi: 15.287109375 GB
    Memory Allocated: 0.3829922676086426  GigaBytes
Max Memory Allocated: 13.033191204071045  GigaBytes

-----------------------------------------after block dataloader generation 
 Nvidia-smi: 15.287109375 GB
    Memory Allocated: 0.3829922676086426  GigaBytes
Max Memory Allocated: 13.033191204071045  GigaBytes

connection checking time:  0
block generation total time  0
average batch blocks generation time:  0
block dataloader generation time/epoch 0.04597306251525879
pseudo mini batch 0 input nodes size: 848292
----------------------------------------before load block subtensor 
 Nvidia-smi: 15.287109375 GB
    Memory Allocated: 0.35321617126464844  GigaBytes
Max Memory Allocated: 13.033191204071045  GigaBytes

----------------------------------------before batch input features to device
 Nvidia-smi: 15.287109375 GB
    Memory Allocated: 0.35321617126464844  GigaBytes
Max Memory Allocated: 13.033191204071045  GigaBytes

----------------------------------------after batch input features to device
 Nvidia-smi: 15.287109375 GB
    Memory Allocated: 0.6696224212646484  GigaBytes
Max Memory Allocated: 13.033191204071045  GigaBytes

----------------------------------------after  batch labels to device
 Nvidia-smi: 15.287109375 GB
    Memory Allocated: 0.6710872650146484  GigaBytes
Max Memory Allocated: 13.033191204071045  GigaBytes

----------------------------------------after load block subtensor  
 Nvidia-smi: 15.287109375 GB
    Memory Allocated: 0.3536391258239746  GigaBytes
Max Memory Allocated: 13.033191204071045  GigaBytes

the counter of in-degree of the smallest block in current batch !!!!!!!!!!!!!!_______________!!!!!!!!!!
Counter({10: 192609, 7: 655, 9: 576, 6: 550, 8: 512, 4: 456, 5: 445, 3: 374, 2: 221, 1: 173})

----------------------------------------after blocks to device 
 Nvidia-smi: 15.287109375 GB
    Memory Allocated: 0.38341474533081055  GigaBytes
Max Memory Allocated: 13.033191204071045  GigaBytes

----------------------------------------before batch_pred = model(blocks, batch_inputs) 
 Nvidia-smi: 15.287109375 GB
    Memory Allocated: 0.38341474533081055  GigaBytes
Max Memory Allocated: 13.033191204071045  GigaBytes

----------------------------------------- after batch_pred = model(blocks, batch_inputs) 
 Nvidia-smi: 15.287109375 GB
    Memory Allocated: 11.618176937103271  GigaBytes
Max Memory Allocated: 13.033191204071045  GigaBytes

-----------------------------------------after loss calculation
 Nvidia-smi: 15.287109375 GB
    Memory Allocated: 11.652595520019531  GigaBytes
Max Memory Allocated: 13.033191204071045  GigaBytes

-----------------------------------------after loss backward
 Nvidia-smi: 15.287109375 GB
    Memory Allocated: 0.38341569900512695  GigaBytes
Max Memory Allocated: 13.033191204071045  GigaBytes

-----------------------------------------after optimizer step
 Nvidia-smi: 15.287109375 GB
    Memory Allocated: 0.38341569900512695  GigaBytes
Max Memory Allocated: 13.033191204071045  GigaBytes

-----------------------------------------after optimizer zero grad
 Nvidia-smi: 15.287109375 GB
    Memory Allocated: 0.38341569900512695  GigaBytes
Max Memory Allocated: 13.033191204071045  GigaBytes

times | data loading | block to device | model prediction | loss calculation | loss backward |  optimizer step |
      |0.13183069229125977 |0.015832185745239258 |0.027307748794555664 |0.00011157989501953125 |0.013489007949829102 |0.0009424686431884766 |
----------------------------------------------------------pseudo_mini_loss sum 2.6177220344543457
Total (block generation + training)time/epoch 0.38529713948567706
Training time/epoch 0.33176136016845703
Training time without block to device /epoch 0.3159291744232178
Training time without total dataloading part /epoch 0.04185080528259277
load block tensor time/epoch 0.13183069229125977
block to device time/epoch 0.015832185745239258
input features size transfer per epoch 1.341104507446289e-07
blocks size to device per epoch 8.940696716308594e-08
 Run 0| Epoch 4 |
Number of nodes for computation during this epoch:  848292
Number of first layer input nodes during this epoch:  848292
Number of first layer output nodes during this epoch:  196571
GraphSAGE(
  (layers): ModuleList(
    (0): SAGEConv(
      (lstm): LSTM(100, 100, batch_first=True)
      (fc_self): Linear(in_features=100, out_features=47, bias=False)
      (fc_neigh): Linear(in_features=100, out_features=47, bias=False)
    )
  )
  (dropout): Dropout(p=0.5, inplace=False)
)
total model parameters size  90200
trainable parameters
layers.0.lstm.weight_ih_l0, torch.Size([400, 100])
layers.0.lstm.weight_hh_l0, torch.Size([400, 100])
layers.0.lstm.bias_ih_l0, torch.Size([400])
layers.0.lstm.bias_hh_l0, torch.Size([400])
layers.0.fc_self.weight, torch.Size([47, 100])
layers.0.fc_neigh.weight, torch.Size([47, 100])
----------------------------------------
un-trainable parameters
